2025-12-09 22:57:10 | INFO | ================================================================================
2025-12-09 22:57:10 | INFO | Experiment: reborn_experiment (OPTIMIZED VERSION + UnixCoder global encoding)
2025-12-09 22:57:10 | INFO | Dataset: SVulD
2025-12-09 22:57:10 | INFO | Encoder: UNIXCODER
2025-12-09 22:57:10 | INFO | Device: cuda
2025-12-09 22:57:10 | INFO | Output: ./experiments_reborn/SVulD_unixcoder_reborn_20251209_225710
2025-12-09 22:57:10 | INFO | ================================================================================
2025-12-09 22:57:10 | INFO | 
================================================================================
2025-12-09 22:57:10 | INFO | STARTING ALL EXPERIMENTS (REBORN VERSION + UnixCoder global func_emb)
2025-12-09 22:57:10 | INFO | ================================================================================

2025-12-09 22:57:10 | INFO | STEP 1: Loading Data
2025-12-09 22:57:10 | INFO | Loading CPG data with UNIXCODER encoder...
2025-12-09 22:57:10 | INFO | ✓ Found complete dataset cache, loading...
2025-12-09 22:58:51 | WARNING | Cached dataset has no func_emb. Rebuilding to inject UnixCoder function embeddings...
2025-12-09 22:58:52 | INFO | ✓ Found parsed graphs cache (SHARED), loading...
2025-12-09 22:59:55 | INFO | ✓ Loaded 187494 graphs from shared cache
2025-12-09 22:59:55 | INFO | ✓ Found UNIXCODER features cache, loading...
2025-12-09 23:01:45 | INFO | ✓ Loaded 187494 graphs from cache
2025-12-09 23:01:45 | INFO | use_onehot=False, skip concat.
2025-12-09 23:01:45 | INFO | [UnixCoder func_emb] Loading seq cache: ./cache_unixcoder_seq/SVulD/microsoft_unixcoder-base/all_maxlen512.pt
2025-12-09 23:01:49 | INFO | [UnixCoder func_emb] seq cache: N=187494, L=512
2025-12-09 23:01:49 | INFO | Loading UnixCoder model...
2025-12-09 23:02:30 | INFO | UNIXCODER loaded successfully
2025-12-09 23:32:55 | INFO | [UnixCoder func_emb] built CLS matrix: torch.Size([187494, 768])
2025-12-09 23:32:58 | INFO | [UnixCoder func_emb] cache saved to ./cache/SVulD/unixcoder/step2_unixcoder_func_emb.pkl
2025-12-09 23:33:01 | INFO | Saving complete dataset cache with func_emb...
2025-12-09 23:35:02 | INFO | ✓ Dataset cache saved
2025-12-09 23:35:17 | INFO | 
======================================================================
2025-12-09 23:35:17 | INFO | LABEL DISTRIBUTION DIAGNOSIS
2025-12-09 23:35:17 | INFO | ======================================================================
2025-12-09 23:35:17 | INFO | Train Set:
2025-12-09 23:35:17 | INFO |   Normal (0):     141641 (94.4%)
2025-12-09 23:35:17 | INFO |   Vulnerable (1): 8354 (5.6%)
2025-12-09 23:35:17 | INFO |   Ratio (neg/pos): 16.95:1
2025-12-09 23:35:17 | INFO | 
Validation Set:
2025-12-09 23:35:17 | INFO |   Normal (0):     17705 (94.4%)
2025-12-09 23:35:17 | INFO |   Vulnerable (1): 1044 (5.6%)
2025-12-09 23:35:17 | INFO | 
Test Set:
2025-12-09 23:35:17 | INFO |   Normal (0):     17705 (94.4%)
2025-12-09 23:35:17 | INFO |   Vulnerable (1): 1045 (5.6%)
2025-12-09 23:35:17 | WARNING | ⚠ Severe class imbalance detected! Ratio: 17.0:1
2025-12-09 23:35:17 | INFO | ======================================================================

2025-12-09 23:35:17 | INFO | Data preparation completed:
2025-12-09 23:35:17 | INFO |   Train: 149995 graphs
2025-12-09 23:35:17 | INFO |   Val:   18749 graphs
2025-12-09 23:35:17 | INFO |   Test:  18750 graphs
2025-12-09 23:35:17 | INFO |   Node feature dim: 768
2025-12-09 23:35:19 | INFO | 
================================================================================
2025-12-09 23:35:19 | INFO | STEP 2: Main Experiment (Full Reborn Model)
2025-12-09 23:35:19 | INFO | ================================================================================

2025-12-09 23:35:19 | INFO | Running experiment: full_model
2025-12-09 23:35:19 | INFO |   node_mil=True, tair=True, curriculum=True, pruning=True, contrastive=True
2025-12-09 23:35:35 | INFO | Starting training (Reborn Model with UnixCoder global func_emb)...
2025-12-09 23:36:12 | INFO | 
======================================================================
2025-12-09 23:36:12 | INFO | AUTO-CONFIGURATION FOR IMBALANCE
2025-12-09 23:36:12 | INFO | ======================================================================
2025-12-09 23:36:12 | INFO | Total: 149995, Neg: 141641, Pos: 8354
2025-12-09 23:36:12 | INFO | Imbalance ratio (neg:pos) = 16.95:1
2025-12-09 23:36:12 | INFO | → Severe imbalance, Focal + CE + Dice.
2025-12-09 23:36:12 | INFO | → Sufficient positives, SMOTE strategy=0.8.
2025-12-09 23:36:12 | INFO | → Class weights: [1.0, 8.24]
2025-12-09 23:36:12 | INFO | ======================================================================

2025-12-10 00:03:00 | INFO | Epoch 1/200 (1608.0s) | Train Loss: 9.7068 Acc: 0.9440 | Val Loss: 4.8162 Acc: 0.8791 Prec: 0.2209 Rec: 0.4636 F1: 0.2992 | BestT: 0.05
2025-12-10 00:03:00 | INFO | ✓ Saved best model (Val F1: 0.2992, T=0.05)
2025-12-10 00:29:55 | INFO | Epoch 2/200 (1610.6s) | Train Loss: 4.0902 Acc: 0.9438 | Val Loss: 3.2584 Acc: 0.8862 Prec: 0.2472 Rec: 0.5105 F1: 0.3331 | BestT: 0.05
2025-12-10 00:29:55 | INFO | ✓ Saved best model (Val F1: 0.3331, T=0.05)
2025-12-10 00:56:38 | INFO | Epoch 3/200 (1599.2s) | Train Loss: 2.7631 Acc: 0.9442 | Val Loss: 2.5975 Acc: 0.9163 Prec: 0.3091 Rec: 0.4080 F1: 0.3518 | BestT: 0.05
2025-12-10 00:56:39 | INFO | ✓ Saved best model (Val F1: 0.3518, T=0.05)
2025-12-10 01:23:28 | INFO | Epoch 4/200 (1605.0s) | Train Loss: 2.2201 Acc: 0.9450 | Val Loss: 2.0189 Acc: 0.8834 Prec: 0.2593 Rec: 0.5891 F1: 0.3601 | BestT: 0.13
2025-12-10 01:23:28 | INFO | ✓ Saved best model (Val F1: 0.3601, T=0.13)
2025-12-10 01:50:26 | INFO | Epoch 5/200 (1614.1s) | Train Loss: 1.9256 Acc: 0.9476 | Val Loss: 1.9346 Acc: 0.9174 Prec: 0.3359 Rec: 0.4943 F1: 0.4000 | BestT: 0.08
2025-12-10 01:50:26 | INFO | ✓ Saved best model (Val F1: 0.4000, T=0.08)
2025-12-10 02:17:24 | INFO | Epoch 6/200 (1614.3s) | Train Loss: 1.7750 Acc: 0.9503 | Val Loss: 1.8217 Acc: 0.9417 Prec: 0.4708 Rec: 0.3860 F1: 0.4242 | BestT: 0.15
2025-12-10 02:17:24 | INFO | ✓ Saved best model (Val F1: 0.4242, T=0.15)
2025-12-10 02:39:00 | INFO | Epoch 7/200 (1291.5s) | Train Loss: 1.6309 Acc: 0.9528 | Val Loss: 1.6815 Acc: 0.9504 Prec: 0.5953 Rec: 0.3410 F1: 0.4336 | BestT: 0.65
2025-12-10 02:39:00 | INFO | ✓ Saved best model (Val F1: 0.4336, T=0.65)
2025-12-10 03:01:48 | INFO | Epoch 8/200 (1364.2s) | Train Loss: 1.5700 Acc: 0.9550 | Val Loss: 1.7973 Acc: 0.9533 Prec: 0.6834 Rec: 0.2998 F1: 0.4168 | BestT: 0.30
2025-12-10 03:25:30 | INFO | Epoch 9/200 (1417.5s) | Train Loss: 1.5582 Acc: 0.9570 | Val Loss: 1.7408 Acc: 0.9533 Prec: 0.6779 Rec: 0.3084 F1: 0.4240 | BestT: 0.42
2025-12-10 03:49:10 | INFO | Epoch 10/200 (1416.3s) | Train Loss: 1.5119 Acc: 0.9582 | Val Loss: 1.7318 Acc: 0.9518 Prec: 0.6235 Rec: 0.3410 F1: 0.4409 | BestT: 0.27
2025-12-10 03:49:10 | INFO | ✓ Saved best model (Val F1: 0.4409, T=0.27)
2025-12-10 04:12:56 | INFO | Epoch 11/200 (1422.2s) | Train Loss: 1.5588 Acc: 0.9499 | Val Loss: 1.6534 Acc: 0.9487 Prec: 0.5675 Rec: 0.3343 F1: 0.4207 | BestT: 0.13
2025-12-10 04:36:57 | INFO | Epoch 12/200 (1436.6s) | Train Loss: 1.4172 Acc: 0.9517 | Val Loss: 1.9078 Acc: 0.9522 Prec: 0.7047 Rec: 0.2423 F1: 0.3607 | BestT: 0.05
2025-12-10 05:06:56 | INFO | Epoch 13/200 (1796.1s) | Train Loss: 1.3306 Acc: 0.9545 | Val Loss: 1.3634 Acc: 0.9536 Prec: 0.6686 Rec: 0.3305 F1: 0.4423 | BestT: 0.53
2025-12-10 05:06:57 | INFO | ✓ Saved best model (Val F1: 0.4423, T=0.53)
2025-12-10 05:37:00 | INFO | Epoch 14/200 (1799.0s) | Train Loss: 1.2262 Acc: 0.9562 | Val Loss: 1.4731 Acc: 0.9521 Prec: 0.6244 Rec: 0.3487 F1: 0.4474 | BestT: 0.13
2025-12-10 05:37:00 | INFO | ✓ Saved best model (Val F1: 0.4474, T=0.13)
2025-12-10 06:07:44 | INFO | Epoch 15/200 (1840.4s) | Train Loss: 1.1602 Acc: 0.9588 | Val Loss: 1.2928 Acc: 0.9502 Prec: 0.5753 Rec: 0.4023 F1: 0.4735 | BestT: 0.23
2025-12-10 06:07:44 | INFO | ✓ Saved best model (Val F1: 0.4735, T=0.23)
2025-12-10 06:36:53 | INFO | Epoch 16/200 (1744.7s) | Train Loss: 1.0916 Acc: 0.9613 | Val Loss: 1.3264 Acc: 0.9465 Prec: 0.5212 Rec: 0.4703 F1: 0.4945 | BestT: 0.12
2025-12-10 06:36:53 | INFO | ✓ Saved best model (Val F1: 0.4945, T=0.12)
2025-12-10 07:04:56 | INFO | Epoch 17/200 (1678.5s) | Train Loss: 1.0269 Acc: 0.9645 | Val Loss: 1.3398 Acc: 0.9494 Prec: 0.5614 Rec: 0.4157 F1: 0.4777 | BestT: 0.33
2025-12-10 07:32:54 | INFO | Epoch 18/200 (1674.6s) | Train Loss: 0.9747 Acc: 0.9672 | Val Loss: 1.3371 Acc: 0.9446 Prec: 0.5030 Rec: 0.4761 F1: 0.4892 | BestT: 0.07
2025-12-10 08:01:05 | INFO | Epoch 19/200 (1687.1s) | Train Loss: 0.9258 Acc: 0.9700 | Val Loss: 1.1658 Acc: 0.9466 Prec: 0.5210 Rec: 0.4990 F1: 0.5098 | BestT: 0.28
2025-12-10 08:01:06 | INFO | ✓ Saved best model (Val F1: 0.5098, T=0.28)
2025-12-10 08:29:33 | INFO | Epoch 20/200 (1703.4s) | Train Loss: 0.8792 Acc: 0.9723 | Val Loss: 1.3537 Acc: 0.9522 Prec: 0.5946 Rec: 0.4425 F1: 0.5074 | BestT: 0.10
2025-12-10 09:00:42 | INFO | Epoch 21/200 (1865.4s) | Train Loss: 0.8259 Acc: 0.9751 | Val Loss: 1.3105 Acc: 0.9530 Prec: 0.6176 Rec: 0.4100 F1: 0.4928 | BestT: 0.29
2025-12-10 09:28:11 | INFO | Epoch 22/200 (1645.4s) | Train Loss: 0.7742 Acc: 0.9779 | Val Loss: 1.2078 Acc: 0.9503 Prec: 0.5633 Rec: 0.4770 F1: 0.5166 | BestT: 0.30
2025-12-10 09:28:11 | INFO | ✓ Saved best model (Val F1: 0.5166, T=0.30)
2025-12-10 09:50:51 | INFO | Epoch 23/200 (1355.9s) | Train Loss: 0.7421 Acc: 0.9799 | Val Loss: 1.3110 Acc: 0.9487 Prec: 0.5467 Rec: 0.4655 F1: 0.5028 | BestT: 0.13
2025-12-10 10:13:36 | INFO | Epoch 24/200 (1360.8s) | Train Loss: 0.7072 Acc: 0.9824 | Val Loss: 1.3203 Acc: 0.9478 Prec: 0.5341 Rec: 0.4952 F1: 0.5139 | BestT: 0.09
2025-12-10 10:36:14 | INFO | Epoch 25/200 (1353.3s) | Train Loss: 0.6909 Acc: 0.9840 | Val Loss: 1.3230 Acc: 0.9461 Prec: 0.5160 Rec: 0.5096 F1: 0.5128 | BestT: 0.06
2025-12-10 10:58:58 | INFO | Epoch 26/200 (1360.8s) | Train Loss: 0.6582 Acc: 0.9854 | Val Loss: 1.3367 Acc: 0.9469 Prec: 0.5233 Rec: 0.5172 F1: 0.5202 | BestT: 0.05
2025-12-10 10:58:59 | INFO | ✓ Saved best model (Val F1: 0.5202, T=0.05)
2025-12-10 11:20:10 | INFO | Epoch 27/200 (1267.4s) | Train Loss: 0.6405 Acc: 0.9864 | Val Loss: 1.2904 Acc: 0.9496 Prec: 0.5519 Rec: 0.5038 F1: 0.5268 | BestT: 0.15
2025-12-10 11:20:10 | INFO | ✓ Saved best model (Val F1: 0.5268, T=0.15)
2025-12-10 11:37:12 | INFO | Epoch 28/200 (1018.0s) | Train Loss: 0.6194 Acc: 0.9876 | Val Loss: 1.3659 Acc: 0.9479 Prec: 0.5339 Rec: 0.5048 F1: 0.5190 | BestT: 0.05
2025-12-10 11:53:00 | INFO | Epoch 29/200 (944.5s) | Train Loss: 0.6178 Acc: 0.9884 | Val Loss: 1.3324 Acc: 0.9479 Prec: 0.5336 Rec: 0.5096 F1: 0.5213 | BestT: 0.07
2025-12-10 12:12:46 | INFO | Epoch 30/200 (1182.0s) | Train Loss: 0.6117 Acc: 0.9889 | Val Loss: 1.3226 Acc: 0.9474 Prec: 0.5286 Rec: 0.5134 F1: 0.5209 | BestT: 0.07
2025-12-10 12:34:53 | INFO | Epoch 31/200 (1322.5s) | Train Loss: 0.8116 Acc: 0.9698 | Val Loss: 1.4364 Acc: 0.9522 Prec: 0.6079 Rec: 0.3994 F1: 0.4821 | BestT: 0.07
2025-12-10 12:56:46 | INFO | Epoch 32/200 (1309.8s) | Train Loss: 0.7780 Acc: 0.9723 | Val Loss: 1.2427 Acc: 0.9443 Prec: 0.5000 Rec: 0.4789 F1: 0.4892 | BestT: 0.09
2025-12-10 13:18:52 | INFO | Epoch 33/200 (1322.1s) | Train Loss: 0.7519 Acc: 0.9733 | Val Loss: 1.1259 Acc: 0.9473 Prec: 0.5316 Rec: 0.4511 F1: 0.4881 | BestT: 0.45
2025-12-10 13:40:51 | INFO | Epoch 34/200 (1314.5s) | Train Loss: 0.7141 Acc: 0.9746 | Val Loss: 1.4967 Acc: 0.9495 Prec: 0.5682 Rec: 0.3870 F1: 0.4604 | BestT: 0.05
2025-12-10 14:02:46 | INFO | Epoch 35/200 (1311.1s) | Train Loss: 0.6916 Acc: 0.9761 | Val Loss: 1.2161 Acc: 0.9488 Prec: 0.5481 Rec: 0.4588 F1: 0.4995 | BestT: 0.35
2025-12-10 14:24:46 | INFO | Epoch 36/200 (1316.5s) | Train Loss: 0.6553 Acc: 0.9770 | Val Loss: 1.4496 Acc: 0.9528 Prec: 0.6252 Rec: 0.3803 F1: 0.4729 | BestT: 0.12
2025-12-10 14:46:56 | INFO | Epoch 37/200 (1326.0s) | Train Loss: 0.6260 Acc: 0.9783 | Val Loss: 1.1694 Acc: 0.9487 Prec: 0.5490 Rec: 0.4454 F1: 0.4918 | BestT: 0.40
2025-12-10 15:08:58 | INFO | Epoch 38/200 (1318.3s) | Train Loss: 0.6095 Acc: 0.9790 | Val Loss: 1.2728 Acc: 0.9488 Prec: 0.5504 Rec: 0.4397 F1: 0.4888 | BestT: 0.14
2025-12-10 15:30:56 | INFO | Epoch 39/200 (1314.0s) | Train Loss: 0.5722 Acc: 0.9807 | Val Loss: 1.6258 Acc: 0.9527 Prec: 0.6416 Rec: 0.3429 F1: 0.4469 | BestT: 0.13
2025-12-10 15:53:06 | INFO | Epoch 40/200 (1325.8s) | Train Loss: 0.5530 Acc: 0.9810 | Val Loss: 1.1480 Acc: 0.9463 Prec: 0.5183 Rec: 0.5029 F1: 0.5105 | BestT: 0.43
2025-12-10 16:15:13 | INFO | Epoch 41/200 (1322.5s) | Train Loss: 0.5315 Acc: 0.9825 | Val Loss: 1.8232 Acc: 0.9551 Prec: 0.7411 Rec: 0.2989 F1: 0.4259 | BestT: 0.10
2025-12-10 16:37:13 | INFO | Epoch 42/200 (1316.2s) | Train Loss: 0.5056 Acc: 0.9833 | Val Loss: 1.6499 Acc: 0.9511 Prec: 0.5896 Rec: 0.4033 F1: 0.4790 | BestT: 0.05
2025-12-10 16:59:08 | INFO | Epoch 43/200 (1311.5s) | Train Loss: 0.4925 Acc: 0.9842 | Val Loss: 1.1624 Acc: 0.9485 Prec: 0.5455 Rec: 0.4540 F1: 0.4956 | BestT: 0.66
2025-12-10 17:21:10 | INFO | Epoch 44/200 (1317.4s) | Train Loss: 0.4702 Acc: 0.9848 | Val Loss: 1.4178 Acc: 0.9478 Prec: 0.5393 Rec: 0.4339 F1: 0.4809 | BestT: 0.14
2025-12-10 17:43:18 | INFO | Epoch 45/200 (1324.8s) | Train Loss: 0.4528 Acc: 0.9856 | Val Loss: 1.9445 Acc: 0.9520 Prec: 0.6369 Rec: 0.3209 F1: 0.4268 | BestT: 0.05
2025-12-10 18:04:22 | INFO | Epoch 46/200 (1259.3s) | Train Loss: 0.4243 Acc: 0.9866 | Val Loss: 1.4501 Acc: 0.9471 Prec: 0.5283 Rec: 0.4732 F1: 0.4992 | BestT: 0.06
2025-12-10 18:26:12 | INFO | Epoch 47/200 (1306.8s) | Train Loss: 0.4145 Acc: 0.9874 | Val Loss: 1.7409 Acc: 0.9526 Prec: 0.6236 Rec: 0.3745 F1: 0.4680 | BestT: 0.17
2025-12-10 18:48:11 | INFO | Epoch 48/200 (1315.5s) | Train Loss: 0.3967 Acc: 0.9883 | Val Loss: 1.5710 Acc: 0.9511 Prec: 0.5871 Rec: 0.4100 F1: 0.4828 | BestT: 0.07
2025-12-10 19:10:03 | INFO | Epoch 49/200 (1307.4s) | Train Loss: 0.3825 Acc: 0.9889 | Val Loss: 1.6912 Acc: 0.9518 Prec: 0.5943 Rec: 0.4224 F1: 0.4938 | BestT: 0.05
2025-12-10 19:32:11 | INFO | Epoch 50/200 (1324.1s) | Train Loss: 0.3665 Acc: 0.9897 | Val Loss: 1.5807 Acc: 0.9489 Prec: 0.5514 Rec: 0.4368 F1: 0.4874 | BestT: 0.11
2025-12-10 19:54:24 | INFO | Epoch 51/200 (1329.5s) | Train Loss: 0.3599 Acc: 0.9902 | Val Loss: 1.3936 Acc: 0.9469 Prec: 0.5240 Rec: 0.5029 F1: 0.5132 | BestT: 0.18
2025-12-10 20:16:38 | INFO | Epoch 52/200 (1330.4s) | Train Loss: 0.3478 Acc: 0.9905 | Val Loss: 1.6299 Acc: 0.9490 Prec: 0.5533 Rec: 0.4377 F1: 0.4888 | BestT: 0.13
2025-12-10 20:16:38 | INFO | Early stopping at epoch 52
2025-12-10 20:16:42 | INFO | Training completed. Best Val F1: 0.5268 | Best T: 0.15
2025-12-10 20:17:22 | INFO | 
============================================================
2025-12-10 20:17:22 | INFO | TEST RESULTS (MLP Classifier)
2025-12-10 20:17:22 | INFO | ============================================================
2025-12-10 20:17:22 | INFO | Threshold:   0.15
2025-12-10 20:17:22 | INFO | Accuracy:    0.9494
2025-12-10 20:17:22 | INFO | Precision:   0.5496
2025-12-10 20:17:22 | INFO | Recall:      0.5091
2025-12-10 20:17:22 | INFO | F1-Score:    0.5286
2025-12-10 20:17:22 | INFO | AUC:         0.8889
2025-12-10 20:17:22 | INFO | TP:  532  FP:  436
2025-12-10 20:17:22 | INFO | FN:  513  TN: 17269
2025-12-10 20:17:22 | INFO | ============================================================

2025-12-10 20:17:26 | INFO | ===== Training & Evaluating Graph LogReg =====
2025-12-10 20:17:26 | INFO | Collecting features for LogReg training...
2025-12-10 20:23:08 | INFO | Before SMOTETomek: Neg=141641, Pos=8354
2025-12-10 21:31:53 | INFO | After SMOTETomek: Neg=141483, Pos=113154
2025-12-10 21:31:53 | INFO | LogReg feature dim: 2048, Train: 254637, Val: 18749
2025-12-10 21:31:53 | INFO | Training LogReg (C=1.0)...
2025-12-10 21:41:52 | INFO |   Val F1=0.3722 at T=0.40
2025-12-10 21:41:52 | INFO | ✓ Best LogReg: {'C': 1.0}, Val F1=0.3722, T=0.40
2025-12-10 21:42:00 | INFO | Collecting features for LogReg testing...
2025-12-10 21:42:50 | INFO | 
============================================================
2025-12-10 21:42:50 | INFO | TEST RESULTS (Graph + LogReg)
2025-12-10 21:42:50 | INFO | ============================================================
2025-12-10 21:42:50 | INFO | Params: {'C': 1.0}, Threshold: 0.40
2025-12-10 21:42:50 | INFO | Accuracy: 0.8977
2025-12-10 21:42:50 | INFO | Precision: 0.2849
2025-12-10 21:42:50 | INFO | Recall: 0.5531
2025-12-10 21:42:50 | INFO | F1-Score: 0.3761
2025-12-10 21:42:50 | INFO | AUC: 0.8407
2025-12-10 21:42:50 | INFO | TP:  578  FP: 1451
2025-12-10 21:42:50 | INFO | FN:  467  TN: 16254
2025-12-10 21:42:50 | INFO | ============================================================

2025-12-10 21:42:58 | INFO | 
================================================================================
2025-12-10 21:42:58 | INFO | STEP 3: Ablation Studies
2025-12-10 21:42:58 | INFO | ================================================================================

2025-12-10 21:42:58 | INFO | 
Ablation: wo_node_mil
2025-12-10 21:42:58 | INFO | Running experiment: wo_node_mil
2025-12-10 21:42:58 | INFO |   node_mil=False, tair=True, curriculum=True, pruning=True, contrastive=True
2025-12-10 21:42:58 | INFO | Starting training (Reborn Model with UnixCoder global func_emb)...
2025-12-10 21:43:43 | INFO | 
======================================================================
2025-12-10 21:43:43 | INFO | AUTO-CONFIGURATION FOR IMBALANCE
2025-12-10 21:43:43 | INFO | ======================================================================
2025-12-10 21:43:43 | INFO | Total: 149995, Neg: 141641, Pos: 8354
2025-12-10 21:43:43 | INFO | Imbalance ratio (neg:pos) = 16.95:1
2025-12-10 21:43:43 | INFO | → Severe imbalance, Focal + CE + Dice.
2025-12-10 21:43:43 | INFO | → Sufficient positives, SMOTE strategy=0.8.
2025-12-10 21:43:43 | INFO | → Class weights: [1.0, 8.24]
2025-12-10 21:43:43 | INFO | ======================================================================

2025-12-10 21:59:40 | INFO | Epoch 1/200 (957.1s) | Train Loss: 9.6084 Acc: 0.9437 | Val Loss: 4.5151 Acc: 0.7773 Prec: 0.1585 Rec: 0.6964 F1: 0.2583 | BestT: 0.07
2025-12-10 21:59:41 | INFO | ✓ Saved best model (Val F1: 0.2583, T=0.07)
2025-12-10 22:14:59 | INFO | Epoch 2/200 (913.4s) | Train Loss: 3.8665 Acc: 0.9432 | Val Loss: 3.0746 Acc: 0.8803 Prec: 0.2408 Rec: 0.5345 F1: 0.3320 | BestT: 0.05
2025-12-10 22:14:59 | INFO | ✓ Saved best model (Val F1: 0.3320, T=0.05)
2025-12-10 22:29:21 | INFO | Epoch 3/200 (858.0s) | Train Loss: 2.5913 Acc: 0.9440 | Val Loss: 2.5221 Acc: 0.9375 Prec: 0.4188 Rec: 0.3161 F1: 0.3603 | BestT: 0.06
2025-12-10 22:29:22 | INFO | ✓ Saved best model (Val F1: 0.3603, T=0.06)
2025-12-10 22:40:26 | INFO | Epoch 4/200 (660.4s) | Train Loss: 2.0814 Acc: 0.9458 | Val Loss: 2.1401 Acc: 0.9405 Prec: 0.4503 Rec: 0.3123 F1: 0.3688 | BestT: 0.05
2025-12-10 22:40:27 | INFO | ✓ Saved best model (Val F1: 0.3688, T=0.05)
2025-12-10 22:51:09 | INFO | Epoch 5/200 (637.5s) | Train Loss: 1.8146 Acc: 0.9482 | Val Loss: 1.8597 Acc: 0.9385 Prec: 0.4390 Rec: 0.3793 F1: 0.4070 | BestT: 0.07
2025-12-10 22:51:09 | INFO | ✓ Saved best model (Val F1: 0.4070, T=0.07)
2025-12-10 23:01:54 | INFO | Epoch 6/200 (641.0s) | Train Loss: 1.6366 Acc: 0.9495 | Val Loss: 1.7040 Acc: 0.9491 Prec: 0.5776 Rec: 0.3209 F1: 0.4126 | BestT: 0.23
2025-12-10 23:01:54 | INFO | ✓ Saved best model (Val F1: 0.4126, T=0.23)
2025-12-10 23:12:41 | INFO | Epoch 7/200 (642.9s) | Train Loss: 1.5269 Acc: 0.9524 | Val Loss: 1.7225 Acc: 0.9486 Prec: 0.5644 Rec: 0.3400 F1: 0.4244 | BestT: 0.12
2025-12-10 23:12:41 | INFO | ✓ Saved best model (Val F1: 0.4244, T=0.12)
2025-12-10 23:23:41 | INFO | Epoch 8/200 (655.9s) | Train Loss: 1.4628 Acc: 0.9547 | Val Loss: 1.6701 Acc: 0.9477 Prec: 0.5443 Rec: 0.3764 F1: 0.4451 | BestT: 0.09
2025-12-10 23:23:41 | INFO | ✓ Saved best model (Val F1: 0.4451, T=0.09)
2025-12-10 23:34:29 | INFO | Epoch 9/200 (644.5s) | Train Loss: 1.4220 Acc: 0.9565 | Val Loss: 1.5729 Acc: 0.9513 Prec: 0.6155 Rec: 0.3343 F1: 0.4333 | BestT: 0.36
2025-12-10 23:45:10 | INFO | Epoch 10/200 (636.8s) | Train Loss: 1.3991 Acc: 0.9572 | Val Loss: 1.6115 Acc: 0.9506 Prec: 0.5921 Rec: 0.3602 F1: 0.4479 | BestT: 0.20
2025-12-10 23:45:10 | INFO | ✓ Saved best model (Val F1: 0.4479, T=0.20)
2025-12-10 23:57:43 | INFO | Epoch 11/200 (749.1s) | Train Loss: 1.4302 Acc: 0.9493 | Val Loss: 1.4348 Acc: 0.9342 Prec: 0.4165 Rec: 0.4540 F1: 0.4345 | BestT: 0.12
2025-12-11 00:10:48 | INFO | Epoch 12/200 (779.5s) | Train Loss: 1.2876 Acc: 0.9515 | Val Loss: 1.2681 Acc: 0.9466 Prec: 0.5296 Rec: 0.3602 F1: 0.4287 | BestT: 0.52
2025-12-11 00:24:05 | INFO | Epoch 13/200 (793.4s) | Train Loss: 1.1921 Acc: 0.9533 | Val Loss: 1.4305 Acc: 0.9532 Prec: 0.6860 Rec: 0.2950 F1: 0.4126 | BestT: 0.20
2025-12-11 00:36:51 | INFO | Epoch 14/200 (762.1s) | Train Loss: 1.1108 Acc: 0.9558 | Val Loss: 1.1492 Acc: 0.9536 Prec: 0.6693 Rec: 0.3295 F1: 0.4416 | BestT: 0.92
2025-12-11 00:49:55 | INFO | Epoch 15/200 (780.6s) | Train Loss: 1.0372 Acc: 0.9589 | Val Loss: 1.6237 Acc: 0.9526 Prec: 0.7786 Rec: 0.2088 F1: 0.3293 | BestT: 0.06
2025-12-11 01:02:45 | INFO | Epoch 16/200 (765.6s) | Train Loss: 0.9653 Acc: 0.9617 | Val Loss: 1.1118 Acc: 0.9409 Prec: 0.4722 Rec: 0.5297 F1: 0.4993 | BestT: 0.15
2025-12-11 01:02:45 | INFO | ✓ Saved best model (Val F1: 0.4993, T=0.15)
2025-12-11 01:15:47 | INFO | Epoch 17/200 (777.7s) | Train Loss: 0.9221 Acc: 0.9643 | Val Loss: 1.3285 Acc: 0.9523 Prec: 0.6134 Rec: 0.3860 F1: 0.4738 | BestT: 0.07
2025-12-11 01:28:41 | INFO | Epoch 18/200 (770.6s) | Train Loss: 0.8541 Acc: 0.9666 | Val Loss: 1.1473 Acc: 0.9322 Prec: 0.4172 Rec: 0.5479 F1: 0.4737 | BestT: 0.06
2025-12-11 01:41:08 | INFO | Epoch 19/200 (743.6s) | Train Loss: 0.7948 Acc: 0.9698 | Val Loss: 0.9998 Acc: 0.9451 Prec: 0.5069 Rec: 0.5278 F1: 0.5171 | BestT: 0.41
2025-12-11 01:41:09 | INFO | ✓ Saved best model (Val F1: 0.5171, T=0.41)
2025-12-11 01:53:39 | INFO | Epoch 20/200 (746.6s) | Train Loss: 0.7469 Acc: 0.9729 | Val Loss: 1.0843 Acc: 0.9470 Prec: 0.5258 Rec: 0.4971 F1: 0.5111 | BestT: 0.22
2025-12-11 02:05:54 | INFO | Epoch 21/200 (731.3s) | Train Loss: 0.7028 Acc: 0.9755 | Val Loss: 1.0954 Acc: 0.9429 Prec: 0.4880 Rec: 0.5268 F1: 0.5067 | BestT: 0.10
2025-12-11 02:19:42 | INFO | Epoch 22/200 (824.4s) | Train Loss: 0.6710 Acc: 0.9781 | Val Loss: 1.1470 Acc: 0.9481 Prec: 0.5384 Rec: 0.4770 F1: 0.5058 | BestT: 0.13
2025-12-11 02:33:43 | INFO | Epoch 23/200 (837.2s) | Train Loss: 0.6335 Acc: 0.9800 | Val Loss: 1.0694 Acc: 0.9355 Prec: 0.4418 Rec: 0.6034 F1: 0.5101 | BestT: 0.05
2025-12-11 02:47:15 | INFO | Epoch 24/200 (808.4s) | Train Loss: 0.5820 Acc: 0.9823 | Val Loss: 1.2039 Acc: 0.9513 Prec: 0.5763 Rec: 0.4703 F1: 0.5179 | BestT: 0.11
2025-12-11 02:47:16 | INFO | ✓ Saved best model (Val F1: 0.5179, T=0.11)
2025-12-11 02:58:25 | INFO | Epoch 25/200 (665.3s) | Train Loss: 0.5710 Acc: 0.9842 | Val Loss: 1.1452 Acc: 0.9465 Prec: 0.5192 Rec: 0.5307 F1: 0.5249 | BestT: 0.09
2025-12-11 02:58:25 | INFO | ✓ Saved best model (Val F1: 0.5249, T=0.09)
2025-12-11 03:08:12 | INFO | Epoch 26/200 (583.3s) | Train Loss: 0.5483 Acc: 0.9855 | Val Loss: 1.1991 Acc: 0.9497 Prec: 0.5517 Rec: 0.5115 F1: 0.5308 | BestT: 0.07
2025-12-11 03:08:12 | INFO | ✓ Saved best model (Val F1: 0.5308, T=0.07)
2025-12-11 03:18:25 | INFO | Epoch 27/200 (608.8s) | Train Loss: 0.5223 Acc: 0.9869 | Val Loss: 1.1987 Acc: 0.9474 Prec: 0.5276 Rec: 0.5316 F1: 0.5296 | BestT: 0.05
2025-12-11 03:28:28 | INFO | Epoch 28/200 (599.5s) | Train Loss: 0.5054 Acc: 0.9878 | Val Loss: 1.1908 Acc: 0.9475 Prec: 0.5283 Rec: 0.5268 F1: 0.5276 | BestT: 0.05
2025-12-11 03:38:45 | INFO | Epoch 29/200 (613.4s) | Train Loss: 0.5043 Acc: 0.9887 | Val Loss: 1.1616 Acc: 0.9470 Prec: 0.5238 Rec: 0.5383 F1: 0.5309 | BestT: 0.06
2025-12-11 03:38:45 | INFO | ✓ Saved best model (Val F1: 0.5309, T=0.06)
2025-12-11 03:49:00 | INFO | Epoch 30/200 (610.9s) | Train Loss: 0.5048 Acc: 0.9890 | Val Loss: 1.1810 Acc: 0.9465 Prec: 0.5190 Rec: 0.5354 F1: 0.5271 | BestT: 0.05
2025-12-11 03:59:05 | INFO | Epoch 31/200 (601.8s) | Train Loss: 0.6715 Acc: 0.9712 | Val Loss: 1.5514 Acc: 0.9526 Prec: 0.6554 Rec: 0.3151 F1: 0.4256 | BestT: 0.06
2025-12-11 04:08:54 | INFO | Epoch 32/200 (584.6s) | Train Loss: 0.6462 Acc: 0.9730 | Val Loss: 1.0259 Acc: 0.9481 Prec: 0.5368 Rec: 0.4885 F1: 0.5115 | BestT: 0.38
2025-12-11 04:19:04 | INFO | Epoch 33/200 (606.1s) | Train Loss: 0.6164 Acc: 0.9742 | Val Loss: 1.1052 Acc: 0.9383 Prec: 0.4524 Rec: 0.5096 F1: 0.4793 | BestT: 0.10
2025-12-11 04:29:11 | INFO | Epoch 34/200 (603.5s) | Train Loss: 0.5950 Acc: 0.9753 | Val Loss: 1.3165 Acc: 0.9508 Prec: 0.5832 Rec: 0.4061 F1: 0.4788 | BestT: 0.08
2025-12-11 04:39:37 | INFO | Epoch 35/200 (621.9s) | Train Loss: 0.5617 Acc: 0.9771 | Val Loss: 1.1425 Acc: 0.9506 Prec: 0.5730 Rec: 0.4397 F1: 0.4976 | BestT: 0.25
2025-12-11 04:49:40 | INFO | Epoch 36/200 (599.9s) | Train Loss: 0.5336 Acc: 0.9784 | Val Loss: 1.1348 Acc: 0.9471 Prec: 0.5283 Rec: 0.4646 F1: 0.4944 | BestT: 0.18
2025-12-11 04:59:44 | INFO | Epoch 37/200 (600.2s) | Train Loss: 0.5062 Acc: 0.9790 | Val Loss: 0.9445 Acc: 0.9429 Prec: 0.4879 Rec: 0.5220 F1: 0.5044 | BestT: 0.50
2025-12-11 05:09:52 | INFO | Epoch 38/200 (603.9s) | Train Loss: 0.4767 Acc: 0.9804 | Val Loss: 1.1208 Acc: 0.9447 Prec: 0.5033 Rec: 0.5105 F1: 0.5069 | BestT: 0.09
2025-12-11 05:19:51 | INFO | Epoch 39/200 (595.6s) | Train Loss: 0.4555 Acc: 0.9813 | Val Loss: 1.4866 Acc: 0.9519 Prec: 0.6228 Rec: 0.3448 F1: 0.4439 | BestT: 0.07
2025-12-11 05:29:56 | INFO | Epoch 40/200 (601.4s) | Train Loss: 0.4185 Acc: 0.9826 | Val Loss: 1.0577 Acc: 0.9470 Prec: 0.5283 Rec: 0.4473 F1: 0.4844 | BestT: 0.67
2025-12-11 05:40:02 | INFO | Epoch 41/200 (602.8s) | Train Loss: 0.4112 Acc: 0.9834 | Val Loss: 1.2295 Acc: 0.9478 Prec: 0.5392 Rec: 0.4349 F1: 0.4814 | BestT: 0.11
2025-12-11 05:50:01 | INFO | Epoch 42/200 (594.7s) | Train Loss: 0.3869 Acc: 0.9844 | Val Loss: 1.6140 Acc: 0.9502 Prec: 0.5835 Rec: 0.3716 F1: 0.4541 | BestT: 0.05
2025-12-11 06:00:10 | INFO | Epoch 43/200 (605.6s) | Train Loss: 0.3558 Acc: 0.9854 | Val Loss: 1.1550 Acc: 0.9491 Prec: 0.5527 Rec: 0.4521 F1: 0.4974 | BestT: 0.30
2025-12-11 06:10:01 | INFO | Epoch 44/200 (587.5s) | Train Loss: 0.3417 Acc: 0.9856 | Val Loss: 1.0181 Acc: 0.9407 Prec: 0.4712 Rec: 0.5335 F1: 0.5004 | BestT: 0.23
2025-12-11 06:20:11 | INFO | Epoch 45/200 (606.5s) | Train Loss: 0.3153 Acc: 0.9871 | Val Loss: 1.1276 Acc: 0.9454 Prec: 0.5097 Rec: 0.5048 F1: 0.5072 | BestT: 0.30
2025-12-11 06:29:59 | INFO | Epoch 46/200 (584.0s) | Train Loss: 0.3007 Acc: 0.9875 | Val Loss: 1.4330 Acc: 0.9502 Prec: 0.5735 Rec: 0.4148 F1: 0.4814 | BestT: 0.07
2025-12-11 06:40:10 | INFO | Epoch 47/200 (607.8s) | Train Loss: 0.2919 Acc: 0.9884 | Val Loss: 1.0412 Acc: 0.9335 Prec: 0.4233 Rec: 0.5364 F1: 0.4732 | BestT: 0.20
2025-12-11 06:50:15 | INFO | Epoch 48/200 (600.4s) | Train Loss: 0.2779 Acc: 0.9887 | Val Loss: 1.6913 Acc: 0.9515 Prec: 0.6067 Rec: 0.3649 F1: 0.4557 | BestT: 0.07
2025-12-11 07:00:15 | INFO | Epoch 49/200 (596.6s) | Train Loss: 0.2577 Acc: 0.9896 | Val Loss: 1.3465 Acc: 0.9445 Prec: 0.5014 Rec: 0.5115 F1: 0.5064 | BestT: 0.05
2025-12-11 07:10:25 | INFO | Epoch 50/200 (606.6s) | Train Loss: 0.2420 Acc: 0.9905 | Val Loss: 1.7308 Acc: 0.9518 Prec: 0.6104 Rec: 0.3707 F1: 0.4613 | BestT: 0.05
2025-12-11 07:20:25 | INFO | Epoch 51/200 (596.6s) | Train Loss: 0.2300 Acc: 0.9912 | Val Loss: 1.7018 Acc: 0.9521 Prec: 0.6134 Rec: 0.3784 F1: 0.4680 | BestT: 0.05
2025-12-11 07:30:21 | INFO | Epoch 52/200 (592.2s) | Train Loss: 0.2190 Acc: 0.9914 | Val Loss: 1.1426 Acc: 0.9420 Prec: 0.4810 Rec: 0.5345 F1: 0.5064 | BestT: 0.20
2025-12-11 07:40:31 | INFO | Epoch 53/200 (605.9s) | Train Loss: 0.2093 Acc: 0.9919 | Val Loss: 1.2338 Acc: 0.9386 Prec: 0.4570 Rec: 0.5441 F1: 0.4967 | BestT: 0.05
2025-12-11 07:50:38 | INFO | Epoch 54/200 (603.7s) | Train Loss: 0.1994 Acc: 0.9927 | Val Loss: 1.8753 Acc: 0.9516 Prec: 0.6197 Rec: 0.3372 F1: 0.4367 | BestT: 0.05
2025-12-11 07:50:38 | INFO | Early stopping at epoch 54
2025-12-11 07:50:41 | INFO | Training completed. Best Val F1: 0.5309 | Best T: 0.06
2025-12-11 07:51:10 | INFO | 
============================================================
2025-12-11 07:51:10 | INFO | TEST RESULTS (MLP Classifier)
2025-12-11 07:51:10 | INFO | ============================================================
2025-12-11 07:51:10 | INFO | Threshold:   0.06
2025-12-11 07:51:10 | INFO | Accuracy:    0.9460
2025-12-11 07:51:10 | INFO | Precision:   0.5147
2025-12-11 07:51:10 | INFO | Recall:      0.5349
2025-12-11 07:51:10 | INFO | F1-Score:    0.5246
2025-12-11 07:51:10 | INFO | AUC:         0.8894
2025-12-11 07:51:10 | INFO | TP:  559  FP:  527
2025-12-11 07:51:10 | INFO | FN:  486  TN: 17178
2025-12-11 07:51:10 | INFO | ============================================================

2025-12-11 07:51:13 | INFO | ===== Training & Evaluating Graph LogReg =====
2025-12-11 07:51:13 | INFO | Collecting features for LogReg training...
2025-12-11 07:55:12 | INFO | Before SMOTETomek: Neg=141641, Pos=8354
2025-12-11 09:01:22 | INFO | After SMOTETomek: Neg=141467, Pos=113138
2025-12-11 09:01:22 | INFO | LogReg feature dim: 2048, Train: 254605, Val: 18749
2025-12-11 09:01:22 | INFO | Training LogReg (C=1.0)...
2025-12-11 09:13:21 | INFO |   Val F1=0.3895 at T=0.60
2025-12-11 09:13:21 | INFO | ✓ Best LogReg: {'C': 1.0}, Val F1=0.3895, T=0.60
2025-12-11 09:13:25 | INFO | Collecting features for LogReg testing...
2025-12-11 09:14:49 | INFO | 
============================================================
2025-12-11 09:14:49 | INFO | TEST RESULTS (Graph + LogReg)
2025-12-11 09:14:49 | INFO | ============================================================
2025-12-11 09:14:49 | INFO | Params: {'C': 1.0}, Threshold: 0.60
2025-12-11 09:14:49 | INFO | Accuracy: 0.9223
2025-12-11 09:14:49 | INFO | Precision: 0.3501
2025-12-11 09:14:49 | INFO | Recall: 0.4603
2025-12-11 09:14:49 | INFO | F1-Score: 0.3977
2025-12-11 09:14:49 | INFO | AUC: 0.8380
2025-12-11 09:14:49 | INFO | TP:  481  FP:  893
2025-12-11 09:14:49 | INFO | FN:  564  TN: 16812
2025-12-11 09:14:49 | INFO | ============================================================

2025-12-11 09:14:57 | INFO | 
Ablation: wo_tair
2025-12-11 09:14:57 | INFO | Running experiment: wo_tair
2025-12-11 09:14:57 | INFO |   node_mil=True, tair=False, curriculum=True, pruning=True, contrastive=True
2025-12-11 09:14:57 | INFO | Starting training (Reborn Model with UnixCoder global func_emb)...
2025-12-11 09:15:33 | INFO | 
======================================================================
2025-12-11 09:15:33 | INFO | AUTO-CONFIGURATION FOR IMBALANCE
2025-12-11 09:15:33 | INFO | ======================================================================
2025-12-11 09:15:33 | INFO | Total: 149995, Neg: 141641, Pos: 8354
2025-12-11 09:15:33 | INFO | Imbalance ratio (neg:pos) = 16.95:1
2025-12-11 09:15:33 | INFO | → Severe imbalance, Focal + CE + Dice.
2025-12-11 09:15:33 | INFO | → Sufficient positives, SMOTE strategy=0.8.
2025-12-11 09:15:33 | INFO | → Class weights: [1.0, 8.24]
2025-12-11 09:15:33 | INFO | ======================================================================

2025-12-11 09:45:38 | INFO | Epoch 1/200 (1804.4s) | Train Loss: 0.5981 Acc: 0.9347 | Val Loss: 0.6506 Acc: 0.7404 Prec: 0.1435 Rec: 0.7375 F1: 0.2403 | BestT: 0.06
2025-12-11 09:45:38 | INFO | ✓ Saved best model (Val F1: 0.2403, T=0.06)
2025-12-11 09:59:18 | INFO | Epoch 2/200 (815.7s) | Train Loss: 0.5255 Acc: 0.9334 | Val Loss: 0.5386 Acc: 0.6947 Prec: 0.1326 Rec: 0.8094 F1: 0.2279 | BestT: 0.05
2025-12-11 10:15:21 | INFO | Epoch 3/200 (959.1s) | Train Loss: 0.5136 Acc: 0.9395 | Val Loss: 0.4586 Acc: 0.6346 Prec: 0.1192 Rec: 0.8707 F1: 0.2097 | BestT: 0.08
2025-12-11 10:31:33 | INFO | Epoch 4/200 (968.1s) | Train Loss: 0.5097 Acc: 0.9447 | Val Loss: 0.4579 Acc: 0.8814 Prec: 0.2616 Rec: 0.6197 F1: 0.3679 | BestT: 0.19
2025-12-11 10:31:33 | INFO | ✓ Saved best model (Val F1: 0.3679, T=0.19)
2025-12-11 10:47:45 | INFO | Epoch 5/200 (968.5s) | Train Loss: 0.4998 Acc: 0.9482 | Val Loss: 0.5033 Acc: 0.9087 Prec: 0.3132 Rec: 0.5364 F1: 0.3955 | BestT: 0.19
2025-12-11 10:47:46 | INFO | ✓ Saved best model (Val F1: 0.3955, T=0.19)
2025-12-11 11:03:52 | INFO | Epoch 6/200 (962.3s) | Train Loss: 0.4817 Acc: 0.9511 | Val Loss: 0.5335 Acc: 0.9325 Prec: 0.4059 Rec: 0.4588 F1: 0.4308 | BestT: 0.19
2025-12-11 11:03:52 | INFO | ✓ Saved best model (Val F1: 0.4308, T=0.19)
2025-12-11 11:23:24 | INFO | Epoch 7/200 (1167.5s) | Train Loss: 0.4715 Acc: 0.9531 | Val Loss: 0.5142 Acc: 0.9304 Prec: 0.3975 Rec: 0.4847 F1: 0.4368 | BestT: 0.22
2025-12-11 11:23:24 | INFO | ✓ Saved best model (Val F1: 0.4368, T=0.22)
2025-12-11 11:48:27 | INFO | Epoch 8/200 (1498.1s) | Train Loss: 0.4615 Acc: 0.9548 | Val Loss: 0.5427 Acc: 0.9340 Prec: 0.4208 Rec: 0.4914 F1: 0.4534 | BestT: 0.16
2025-12-11 11:48:27 | INFO | ✓ Saved best model (Val F1: 0.4534, T=0.16)
2025-12-11 12:07:30 | INFO | Epoch 9/200 (1138.0s) | Train Loss: 0.4538 Acc: 0.9561 | Val Loss: 0.5425 Acc: 0.9523 Prec: 0.6556 Rec: 0.3027 F1: 0.4142 | BestT: 0.58
2025-12-11 12:23:19 | INFO | Epoch 10/200 (944.9s) | Train Loss: 0.4486 Acc: 0.9574 | Val Loss: 0.5485 Acc: 0.9191 Prec: 0.3581 Rec: 0.5718 F1: 0.4404 | BestT: 0.09
2025-12-11 12:38:59 | INFO | Epoch 11/200 (936.2s) | Train Loss: 0.4769 Acc: 0.9519 | Val Loss: 0.5456 Acc: 0.9326 Prec: 0.4126 Rec: 0.4952 F1: 0.4502 | BestT: 0.15
2025-12-11 12:54:20 | INFO | Epoch 12/200 (916.9s) | Train Loss: 0.4677 Acc: 0.9538 | Val Loss: 0.5032 Acc: 0.9513 Prec: 0.6051 Rec: 0.3611 F1: 0.4523 | BestT: 0.52
2025-12-11 13:09:30 | INFO | Epoch 13/200 (906.5s) | Train Loss: 0.4494 Acc: 0.9551 | Val Loss: 0.6684 Acc: 0.9385 Prec: 0.4505 Rec: 0.4799 F1: 0.4647 | BestT: 0.06
2025-12-11 13:09:30 | INFO | ✓ Saved best model (Val F1: 0.4647, T=0.06)
2025-12-11 13:24:28 | INFO | Epoch 14/200 (894.1s) | Train Loss: 0.4393 Acc: 0.9571 | Val Loss: 0.5380 Acc: 0.9481 Prec: 0.5431 Rec: 0.4282 F1: 0.4788 | BestT: 0.24
2025-12-11 13:24:28 | INFO | ✓ Saved best model (Val F1: 0.4788, T=0.24)
2025-12-11 13:39:29 | INFO | Epoch 15/200 (896.6s) | Train Loss: 0.4258 Acc: 0.9589 | Val Loss: 0.5157 Acc: 0.9418 Prec: 0.4786 Rec: 0.5144 F1: 0.4958 | BestT: 0.25
2025-12-11 13:39:29 | INFO | ✓ Saved best model (Val F1: 0.4958, T=0.25)
2025-12-11 13:54:32 | INFO | Epoch 16/200 (899.4s) | Train Loss: 0.4077 Acc: 0.9609 | Val Loss: 0.4561 Acc: 0.9454 Prec: 0.5101 Rec: 0.4837 F1: 0.4966 | BestT: 0.38
2025-12-11 13:54:32 | INFO | ✓ Saved best model (Val F1: 0.4966, T=0.38)
2025-12-11 14:09:25 | INFO | Epoch 17/200 (888.6s) | Train Loss: 0.3968 Acc: 0.9621 | Val Loss: 0.6850 Acc: 0.9454 Prec: 0.5102 Rec: 0.4789 F1: 0.4941 | BestT: 0.06
2025-12-11 14:24:29 | INFO | Epoch 18/200 (900.8s) | Train Loss: 0.3847 Acc: 0.9644 | Val Loss: 0.6219 Acc: 0.9496 Prec: 0.5546 Rec: 0.4818 F1: 0.5156 | BestT: 0.10
2025-12-11 14:24:29 | INFO | ✓ Saved best model (Val F1: 0.5156, T=0.10)
2025-12-11 14:39:28 | INFO | Epoch 19/200 (895.3s) | Train Loss: 0.3704 Acc: 0.9653 | Val Loss: 0.6061 Acc: 0.9505 Prec: 0.5650 Rec: 0.4789 F1: 0.5184 | BestT: 0.14
2025-12-11 14:39:28 | INFO | ✓ Saved best model (Val F1: 0.5184, T=0.14)
2025-12-11 14:54:30 | INFO | Epoch 20/200 (898.2s) | Train Loss: 0.3581 Acc: 0.9673 | Val Loss: 0.5030 Acc: 0.9465 Prec: 0.5198 Rec: 0.5144 F1: 0.5171 | BestT: 0.27
2025-12-11 15:09:58 | INFO | Epoch 21/200 (923.9s) | Train Loss: 0.3480 Acc: 0.9684 | Val Loss: 0.6515 Acc: 0.9511 Prec: 0.5786 Rec: 0.4511 F1: 0.5070 | BestT: 0.11
2025-12-11 15:25:10 | INFO | Epoch 22/200 (908.6s) | Train Loss: 0.3373 Acc: 0.9701 | Val Loss: 0.5225 Acc: 0.9539 Prec: 0.6090 Rec: 0.4789 F1: 0.5362 | BestT: 0.40
2025-12-11 15:25:10 | INFO | ✓ Saved best model (Val F1: 0.5362, T=0.40)
2025-12-11 15:40:34 | INFO | Epoch 23/200 (919.7s) | Train Loss: 0.3256 Acc: 0.9714 | Val Loss: 0.5431 Acc: 0.9541 Prec: 0.6162 Rec: 0.4674 F1: 0.5316 | BestT: 0.33
2025-12-11 15:55:44 | INFO | Epoch 24/200 (906.3s) | Train Loss: 0.3165 Acc: 0.9724 | Val Loss: 0.6012 Acc: 0.9501 Prec: 0.5547 Rec: 0.5249 F1: 0.5394 | BestT: 0.12
2025-12-11 15:55:44 | INFO | ✓ Saved best model (Val F1: 0.5394, T=0.12)
2025-12-11 16:11:07 | INFO | Epoch 25/200 (918.7s) | Train Loss: 0.3103 Acc: 0.9733 | Val Loss: 0.6336 Acc: 0.9469 Prec: 0.5217 Rec: 0.5517 F1: 0.5363 | BestT: 0.07
2025-12-11 16:26:27 | INFO | Epoch 26/200 (916.4s) | Train Loss: 0.3072 Acc: 0.9737 | Val Loss: 0.6132 Acc: 0.9553 Prec: 0.6463 Rec: 0.4358 F1: 0.5206 | BestT: 0.25
2025-12-11 16:41:49 | INFO | Epoch 27/200 (918.3s) | Train Loss: 0.2991 Acc: 0.9746 | Val Loss: 0.5739 Acc: 0.9540 Prec: 0.6118 Rec: 0.4770 F1: 0.5361 | BestT: 0.29
2025-12-11 16:57:08 | INFO | Epoch 28/200 (915.5s) | Train Loss: 0.2963 Acc: 0.9750 | Val Loss: 0.6065 Acc: 0.9525 Prec: 0.5877 Rec: 0.4943 F1: 0.5369 | BestT: 0.17
2025-12-11 17:12:23 | INFO | Epoch 29/200 (911.7s) | Train Loss: 0.2928 Acc: 0.9756 | Val Loss: 0.6157 Acc: 0.9543 Prec: 0.6159 Rec: 0.4761 F1: 0.5370 | BestT: 0.20
2025-12-11 17:27:51 | INFO | Epoch 30/200 (924.0s) | Train Loss: 0.2919 Acc: 0.9755 | Val Loss: 0.6073 Acc: 0.9535 Prec: 0.6031 Rec: 0.4847 F1: 0.5374 | BestT: 0.19
2025-12-11 17:43:12 | INFO | Epoch 31/200 (917.0s) | Train Loss: 0.3436 Acc: 0.9686 | Val Loss: 0.8044 Acc: 0.9543 Prec: 0.6322 Rec: 0.4282 F1: 0.5106 | BestT: 0.06
2025-12-11 17:58:33 | INFO | Epoch 32/200 (917.2s) | Train Loss: 0.3381 Acc: 0.9689 | Val Loss: 0.5749 Acc: 0.9512 Prec: 0.5746 Rec: 0.4761 F1: 0.5207 | BestT: 0.27
2025-12-11 18:13:48 | INFO | Epoch 33/200 (912.1s) | Train Loss: 0.3241 Acc: 0.9703 | Val Loss: 0.6302 Acc: 0.9498 Prec: 0.5524 Rec: 0.5153 F1: 0.5332 | BestT: 0.10
2025-12-11 18:29:02 | INFO | Epoch 34/200 (910.0s) | Train Loss: 0.3193 Acc: 0.9714 | Val Loss: 0.6450 Acc: 0.9533 Prec: 0.6157 Rec: 0.4282 F1: 0.5051 | BestT: 0.19
2025-12-11 18:44:09 | INFO | Epoch 35/200 (903.1s) | Train Loss: 0.3080 Acc: 0.9720 | Val Loss: 0.5706 Acc: 0.9559 Prec: 0.6687 Rec: 0.4138 F1: 0.5112 | BestT: 0.71
2025-12-11 18:59:30 | INFO | Epoch 36/200 (917.7s) | Train Loss: 0.2959 Acc: 0.9731 | Val Loss: 0.5563 Acc: 0.9478 Prec: 0.5311 Rec: 0.5393 F1: 0.5352 | BestT: 0.24
2025-12-11 19:14:37 | INFO | Epoch 37/200 (902.1s) | Train Loss: 0.2843 Acc: 0.9751 | Val Loss: 0.7208 Acc: 0.9525 Prec: 0.5950 Rec: 0.4588 F1: 0.5181 | BestT: 0.13
2025-12-11 19:29:44 | INFO | Epoch 38/200 (903.2s) | Train Loss: 0.2787 Acc: 0.9757 | Val Loss: 0.5246 Acc: 0.9500 Prec: 0.5519 Rec: 0.5402 F1: 0.5460 | BestT: 0.45
2025-12-11 19:29:45 | INFO | ✓ Saved best model (Val F1: 0.5460, T=0.45)
2025-12-11 19:45:09 | INFO | Epoch 39/200 (921.2s) | Train Loss: 0.2695 Acc: 0.9764 | Val Loss: 0.6520 Acc: 0.9484 Prec: 0.5365 Rec: 0.5354 F1: 0.5360 | BestT: 0.10
2025-12-11 20:00:32 | INFO | Epoch 40/200 (918.7s) | Train Loss: 0.2598 Acc: 0.9774 | Val Loss: 0.6016 Acc: 0.9535 Prec: 0.5989 Rec: 0.5019 F1: 0.5461 | BestT: 0.27
2025-12-11 20:00:32 | INFO | ✓ Saved best model (Val F1: 0.5461, T=0.27)
2025-12-11 20:15:51 | INFO | Epoch 41/200 (915.6s) | Train Loss: 0.2499 Acc: 0.9787 | Val Loss: 0.7315 Acc: 0.9517 Prec: 0.5739 Rec: 0.5172 F1: 0.5441 | BestT: 0.06
2025-12-11 20:31:06 | INFO | Epoch 42/200 (911.5s) | Train Loss: 0.2417 Acc: 0.9798 | Val Loss: 0.7229 Acc: 0.9546 Prec: 0.6242 Rec: 0.4646 F1: 0.5327 | BestT: 0.14
2025-12-11 20:46:45 | INFO | Epoch 43/200 (935.0s) | Train Loss: 0.2335 Acc: 0.9809 | Val Loss: 0.6421 Acc: 0.9558 Prec: 0.6420 Rec: 0.4655 F1: 0.5397 | BestT: 0.42
2025-12-11 21:09:28 | INFO | Epoch 44/200 (1359.3s) | Train Loss: 0.2265 Acc: 0.9813 | Val Loss: 0.7630 Acc: 0.9553 Prec: 0.6297 Rec: 0.4789 F1: 0.5441 | BestT: 0.12
2025-12-11 21:33:59 | INFO | Epoch 45/200 (1466.6s) | Train Loss: 0.2179 Acc: 0.9819 | Val Loss: 0.7476 Acc: 0.9550 Prec: 0.6282 Rec: 0.4693 F1: 0.5373 | BestT: 0.17
2025-12-11 21:54:45 | INFO | Epoch 46/200 (1241.5s) | Train Loss: 0.2104 Acc: 0.9832 | Val Loss: 0.6271 Acc: 0.9558 Prec: 0.6316 Rec: 0.4943 F1: 0.5545 | BestT: 0.50
2025-12-11 21:54:45 | INFO | ✓ Saved best model (Val F1: 0.5545, T=0.50)
2025-12-11 22:13:55 | INFO | Epoch 47/200 (1144.9s) | Train Loss: 0.2028 Acc: 0.9840 | Val Loss: 0.6666 Acc: 0.9573 Prec: 0.6614 Rec: 0.4770 F1: 0.5543 | BestT: 0.39
2025-12-11 22:29:03 | INFO | Epoch 48/200 (904.0s) | Train Loss: 0.1971 Acc: 0.9849 | Val Loss: 0.7835 Acc: 0.9567 Prec: 0.6527 Rec: 0.4770 F1: 0.5512 | BestT: 0.20
2025-12-11 22:49:12 | INFO | Epoch 49/200 (1204.9s) | Train Loss: 0.1900 Acc: 0.9854 | Val Loss: 0.7950 Acc: 0.9515 Prec: 0.5677 Rec: 0.5421 F1: 0.5546 | BestT: 0.07
2025-12-11 23:10:43 | INFO | Epoch 50/200 (1287.0s) | Train Loss: 0.1808 Acc: 0.9863 | Val Loss: 0.7850 Acc: 0.9591 Prec: 0.7259 Rec: 0.4262 F1: 0.5371 | BestT: 0.45
2025-12-11 23:32:23 | INFO | Epoch 51/200 (1293.7s) | Train Loss: 0.1782 Acc: 0.9870 | Val Loss: 0.7353 Acc: 0.9553 Prec: 0.6297 Rec: 0.4789 F1: 0.5441 | BestT: 0.24
2025-12-11 23:53:54 | INFO | Epoch 52/200 (1287.3s) | Train Loss: 0.1695 Acc: 0.9877 | Val Loss: 0.7633 Acc: 0.9565 Prec: 0.6443 Rec: 0.4875 F1: 0.5551 | BestT: 0.26
2025-12-11 23:53:55 | INFO | ✓ Saved best model (Val F1: 0.5551, T=0.26)
2025-12-12 00:15:18 | INFO | Epoch 53/200 (1279.0s) | Train Loss: 0.1633 Acc: 0.9886 | Val Loss: 0.8675 Acc: 0.9565 Prec: 0.6553 Rec: 0.4607 F1: 0.5411 | BestT: 0.12
2025-12-12 00:31:43 | INFO | Epoch 54/200 (980.7s) | Train Loss: 0.1611 Acc: 0.9886 | Val Loss: 0.7617 Acc: 0.9487 Prec: 0.5378 Rec: 0.5661 F1: 0.5516 | BestT: 0.05
2025-12-12 00:44:55 | INFO | Epoch 55/200 (788.2s) | Train Loss: 0.1558 Acc: 0.9894 | Val Loss: 0.7730 Acc: 0.9578 Prec: 0.6658 Rec: 0.4866 F1: 0.5623 | BestT: 0.38
2025-12-12 00:44:55 | INFO | ✓ Saved best model (Val F1: 0.5623, T=0.38)
2025-12-12 00:56:00 | INFO | Epoch 56/200 (661.1s) | Train Loss: 0.1514 Acc: 0.9896 | Val Loss: 0.7991 Acc: 0.9572 Prec: 0.6617 Rec: 0.4722 F1: 0.5511 | BestT: 0.25
2025-12-12 01:06:35 | INFO | Epoch 57/200 (631.3s) | Train Loss: 0.1487 Acc: 0.9901 | Val Loss: 0.7754 Acc: 0.9549 Prec: 0.6119 Rec: 0.5211 F1: 0.5629 | BestT: 0.17
2025-12-12 01:06:35 | INFO | ✓ Saved best model (Val F1: 0.5629, T=0.17)
2025-12-12 01:17:10 | INFO | Epoch 58/200 (631.8s) | Train Loss: 0.1428 Acc: 0.9908 | Val Loss: 0.8399 Acc: 0.9556 Prec: 0.6227 Rec: 0.5153 F1: 0.5639 | BestT: 0.10
2025-12-12 01:17:11 | INFO | ✓ Saved best model (Val F1: 0.5639, T=0.10)
2025-12-12 01:28:16 | INFO | Epoch 59/200 (661.3s) | Train Loss: 0.1416 Acc: 0.9909 | Val Loss: 0.8308 Acc: 0.9554 Prec: 0.6150 Rec: 0.5326 F1: 0.5708 | BestT: 0.10
2025-12-12 01:28:16 | INFO | ✓ Saved best model (Val F1: 0.5708, T=0.10)
2025-12-12 01:43:37 | INFO | Epoch 60/200 (918.0s) | Train Loss: 0.1377 Acc: 0.9910 | Val Loss: 0.8305 Acc: 0.9555 Prec: 0.6267 Rec: 0.4952 F1: 0.5532 | BestT: 0.19
2025-12-12 01:58:53 | INFO | Epoch 61/200 (912.0s) | Train Loss: 0.1345 Acc: 0.9916 | Val Loss: 0.8033 Acc: 0.9563 Prec: 0.6400 Rec: 0.4904 F1: 0.5553 | BestT: 0.28
2025-12-12 02:14:12 | INFO | Epoch 62/200 (915.6s) | Train Loss: 0.1340 Acc: 0.9919 | Val Loss: 0.8656 Acc: 0.9549 Prec: 0.6112 Rec: 0.5211 F1: 0.5626 | BestT: 0.10
2025-12-12 02:29:23 | INFO | Epoch 63/200 (907.2s) | Train Loss: 0.1314 Acc: 0.9924 | Val Loss: 0.8027 Acc: 0.9494 Prec: 0.5432 Rec: 0.5776 F1: 0.5599 | BestT: 0.05
2025-12-12 02:44:38 | INFO | Epoch 64/200 (911.3s) | Train Loss: 0.1298 Acc: 0.9924 | Val Loss: 0.8451 Acc: 0.9517 Prec: 0.5682 Rec: 0.5508 F1: 0.5593 | BestT: 0.05
2025-12-12 03:00:02 | INFO | Epoch 65/200 (920.5s) | Train Loss: 0.1287 Acc: 0.9924 | Val Loss: 0.8641 Acc: 0.9546 Prec: 0.6090 Rec: 0.5163 F1: 0.5588 | BestT: 0.10
2025-12-12 03:15:29 | INFO | Epoch 66/200 (922.6s) | Train Loss: 0.1266 Acc: 0.9929 | Val Loss: 0.8290 Acc: 0.9513 Prec: 0.5616 Rec: 0.5680 F1: 0.5648 | BestT: 0.05
2025-12-12 03:30:59 | INFO | Epoch 67/200 (926.9s) | Train Loss: 0.1254 Acc: 0.9930 | Val Loss: 0.8567 Acc: 0.9558 Prec: 0.6284 Rec: 0.5038 F1: 0.5593 | BestT: 0.15
2025-12-12 03:46:11 | INFO | Epoch 68/200 (908.3s) | Train Loss: 0.1247 Acc: 0.9928 | Val Loss: 0.8576 Acc: 0.9544 Prec: 0.6035 Rec: 0.5278 F1: 0.5631 | BestT: 0.10
2025-12-12 04:01:28 | INFO | Epoch 69/200 (913.3s) | Train Loss: 0.1252 Acc: 0.9929 | Val Loss: 0.8662 Acc: 0.9555 Prec: 0.6214 Rec: 0.5125 F1: 0.5617 | BestT: 0.11
2025-12-12 04:16:49 | INFO | Epoch 70/200 (917.5s) | Train Loss: 0.1252 Acc: 0.9930 | Val Loss: 0.8633 Acc: 0.9545 Prec: 0.6053 Rec: 0.5230 F1: 0.5612 | BestT: 0.10
2025-12-12 04:32:10 | INFO | Epoch 71/200 (916.6s) | Train Loss: 0.1809 Acc: 0.9858 | Val Loss: 0.8546 Acc: 0.9502 Prec: 0.5579 Rec: 0.5125 F1: 0.5342 | BestT: 0.07
2025-12-12 04:47:26 | INFO | Epoch 72/200 (912.7s) | Train Loss: 0.1802 Acc: 0.9856 | Val Loss: 0.8575 Acc: 0.9544 Prec: 0.6145 Rec: 0.4856 F1: 0.5425 | BestT: 0.17
2025-12-12 05:02:38 | INFO | Epoch 73/200 (908.8s) | Train Loss: 0.1781 Acc: 0.9858 | Val Loss: 0.8271 Acc: 0.9566 Prec: 0.6588 Rec: 0.4569 F1: 0.5396 | BestT: 0.40
2025-12-12 05:17:48 | INFO | Epoch 74/200 (905.7s) | Train Loss: 0.1726 Acc: 0.9867 | Val Loss: 0.7531 Acc: 0.9561 Prec: 0.6459 Rec: 0.4665 F1: 0.5417 | BestT: 0.52
2025-12-12 05:33:01 | INFO | Epoch 75/200 (909.0s) | Train Loss: 0.1699 Acc: 0.9869 | Val Loss: 0.8108 Acc: 0.9506 Prec: 0.5616 Rec: 0.5105 F1: 0.5349 | BestT: 0.13
2025-12-12 05:48:19 | INFO | Epoch 76/200 (914.6s) | Train Loss: 0.1670 Acc: 0.9873 | Val Loss: 0.8259 Acc: 0.9492 Prec: 0.5426 Rec: 0.5546 F1: 0.5486 | BestT: 0.06
2025-12-12 06:03:44 | INFO | Epoch 77/200 (921.1s) | Train Loss: 0.1636 Acc: 0.9876 | Val Loss: 0.9427 Acc: 0.9518 Prec: 0.5780 Rec: 0.4971 F1: 0.5345 | BestT: 0.05
2025-12-12 06:19:20 | INFO | Epoch 78/200 (933.3s) | Train Loss: 0.1617 Acc: 0.9875 | Val Loss: 0.8914 Acc: 0.9494 Prec: 0.5490 Rec: 0.5153 F1: 0.5316 | BestT: 0.05
2025-12-12 06:34:38 | INFO | Epoch 79/200 (913.6s) | Train Loss: 0.1593 Acc: 0.9879 | Val Loss: 1.0601 Acc: 0.9541 Prec: 0.6215 Rec: 0.4483 F1: 0.5209 | BestT: 0.06
2025-12-12 06:49:54 | INFO | Epoch 80/200 (912.7s) | Train Loss: 0.1542 Acc: 0.9881 | Val Loss: 1.0566 Acc: 0.9548 Prec: 0.6274 Rec: 0.4646 F1: 0.5338 | BestT: 0.06
2025-12-12 07:05:10 | INFO | Epoch 81/200 (912.4s) | Train Loss: 0.1525 Acc: 0.9886 | Val Loss: 0.8964 Acc: 0.9522 Prec: 0.5774 Rec: 0.5287 F1: 0.5520 | BestT: 0.09
2025-12-12 07:20:31 | INFO | Epoch 82/200 (916.9s) | Train Loss: 0.1501 Acc: 0.9890 | Val Loss: 0.9642 Acc: 0.9543 Prec: 0.6114 Rec: 0.4914 F1: 0.5449 | BestT: 0.06
2025-12-12 07:34:15 | INFO | Epoch 83/200 (820.9s) | Train Loss: 0.1449 Acc: 0.9895 | Val Loss: 1.1515 Acc: 0.9562 Prec: 0.6555 Rec: 0.4483 F1: 0.5324 | BestT: 0.08
2025-12-12 07:45:07 | INFO | Epoch 84/200 (647.7s) | Train Loss: 0.1444 Acc: 0.9893 | Val Loss: 1.0192 Acc: 0.9577 Prec: 0.7095 Rec: 0.4071 F1: 0.5173 | BestT: 0.40
2025-12-12 07:45:07 | INFO | Early stopping at epoch 84
2025-12-12 07:45:10 | INFO | Training completed. Best Val F1: 0.5708 | Best T: 0.10
2025-12-12 07:45:29 | INFO | 
============================================================
2025-12-12 07:45:29 | INFO | TEST RESULTS (MLP Classifier)
2025-12-12 07:45:29 | INFO | ============================================================
2025-12-12 07:45:29 | INFO | Threshold:   0.10
2025-12-12 07:45:29 | INFO | Accuracy:    0.9536
2025-12-12 07:45:29 | INFO | Precision:   0.6007
2025-12-12 07:45:29 | INFO | Recall:      0.4995
2025-12-12 07:45:29 | INFO | F1-Score:    0.5455
2025-12-12 07:45:29 | INFO | AUC:         0.9063
2025-12-12 07:45:29 | INFO | TP:  522  FP:  347
2025-12-12 07:45:29 | INFO | FN:  523  TN: 17358
2025-12-12 07:45:29 | INFO | ============================================================

2025-12-12 07:45:32 | INFO | ===== Training & Evaluating Graph LogReg =====
2025-12-12 07:45:32 | INFO | Collecting features for LogReg training...
2025-12-12 07:48:19 | INFO | Before SMOTETomek: Neg=141641, Pos=8354
2025-12-12 08:54:07 | INFO | After SMOTETomek: Neg=141494, Pos=113165
2025-12-12 08:54:07 | INFO | LogReg feature dim: 2048, Train: 254659, Val: 18749
2025-12-12 08:54:07 | INFO | Training LogReg (C=1.0)...
2025-12-12 09:05:32 | INFO |   Val F1=0.3628 at T=0.40
2025-12-12 09:05:32 | INFO | ✓ Best LogReg: {'C': 1.0}, Val F1=0.3628, T=0.40
2025-12-12 09:05:36 | INFO | Collecting features for LogReg testing...
2025-12-12 09:05:59 | INFO | 
============================================================
2025-12-12 09:05:59 | INFO | TEST RESULTS (Graph + LogReg)
2025-12-12 09:05:59 | INFO | ============================================================
2025-12-12 09:05:59 | INFO | Params: {'C': 1.0}, Threshold: 0.40
2025-12-12 09:05:59 | INFO | Accuracy: 0.8722
2025-12-12 09:05:59 | INFO | Precision: 0.2406
2025-12-12 09:05:59 | INFO | Recall: 0.6000
2025-12-12 09:05:59 | INFO | F1-Score: 0.3435
2025-12-12 09:05:59 | INFO | AUC: 0.8402
2025-12-12 09:05:59 | INFO | TP:  627  FP: 1979
2025-12-12 09:05:59 | INFO | FN:  418  TN: 15726
2025-12-12 09:05:59 | INFO | ============================================================

2025-12-12 09:06:05 | INFO | 
Ablation: wo_curriculum
2025-12-12 09:06:05 | INFO | Running experiment: wo_curriculum
2025-12-12 09:06:05 | INFO |   node_mil=True, tair=True, curriculum=False, pruning=False, contrastive=True
2025-12-12 09:06:05 | INFO | Starting training (Reborn Model with UnixCoder global func_emb)...
2025-12-12 09:06:41 | INFO | 
======================================================================
2025-12-12 09:06:41 | INFO | AUTO-CONFIGURATION FOR IMBALANCE
2025-12-12 09:06:41 | INFO | ======================================================================
2025-12-12 09:06:41 | INFO | Total: 149995, Neg: 141641, Pos: 8354
2025-12-12 09:06:41 | INFO | Imbalance ratio (neg:pos) = 16.95:1
2025-12-12 09:06:41 | INFO | → Severe imbalance, Focal + CE + Dice.
2025-12-12 09:06:41 | INFO | → Sufficient positives, SMOTE strategy=0.8.
2025-12-12 09:06:41 | INFO | → Class weights: [1.0, 8.24]
2025-12-12 09:06:41 | INFO | ======================================================================

2025-12-12 09:16:59 | INFO | Epoch 1/200 (618.2s) | Train Loss: 8.5986 Acc: 0.9437 | Val Loss: 4.5872 Acc: 0.5359 Prec: 0.0977 Rec: 0.8908 F1: 0.1761 | BestT: 0.05
2025-12-12 09:16:59 | INFO | ✓ Saved best model (Val F1: 0.1761, T=0.05)
2025-12-12 09:27:18 | INFO | Epoch 2/200 (615.5s) | Train Loss: 4.0604 Acc: 0.9429 | Val Loss: 3.1796 Acc: 0.8764 Prec: 0.2387 Rec: 0.5575 F1: 0.3343 | BestT: 0.09
2025-12-12 09:27:18 | INFO | ✓ Saved best model (Val F1: 0.3343, T=0.09)
2025-12-12 09:37:46 | INFO | Epoch 3/200 (624.1s) | Train Loss: 2.7796 Acc: 0.9442 | Val Loss: 2.4696 Acc: 0.8464 Prec: 0.2099 Rec: 0.6360 F1: 0.3157 | BestT: 0.05
2025-12-12 09:48:08 | INFO | Epoch 4/200 (618.0s) | Train Loss: 2.2454 Acc: 0.9451 | Val Loss: 2.0768 Acc: 0.9347 Prec: 0.4080 Rec: 0.3822 F1: 0.3947 | BestT: 0.26
2025-12-12 09:48:08 | INFO | ✓ Saved best model (Val F1: 0.3947, T=0.26)
2025-12-12 10:02:07 | INFO | Epoch 5/200 (835.8s) | Train Loss: 1.9508 Acc: 0.9474 | Val Loss: 2.0742 Acc: 0.9444 Prec: 0.5008 Rec: 0.3113 F1: 0.3839 | BestT: 0.06
2025-12-12 10:16:27 | INFO | Epoch 6/200 (855.3s) | Train Loss: 1.7698 Acc: 0.9495 | Val Loss: 1.8843 Acc: 0.9496 Prec: 0.5873 Rec: 0.3190 F1: 0.4134 | BestT: 0.19
2025-12-12 10:16:27 | INFO | ✓ Saved best model (Val F1: 0.4134, T=0.19)
2025-12-12 10:26:53 | INFO | Epoch 7/200 (622.3s) | Train Loss: 1.6466 Acc: 0.9527 | Val Loss: 1.9029 Acc: 0.9522 Prec: 0.6659 Rec: 0.2845 F1: 0.3987 | BestT: 0.14
2025-12-12 10:37:23 | INFO | Epoch 8/200 (627.1s) | Train Loss: 1.5991 Acc: 0.9551 | Val Loss: 1.7457 Acc: 0.9487 Prec: 0.5559 Rec: 0.3956 F1: 0.4622 | BestT: 0.12
2025-12-12 10:37:24 | INFO | ✓ Saved best model (Val F1: 0.4622, T=0.12)
2025-12-12 10:45:44 | INFO | Epoch 9/200 (495.1s) | Train Loss: 1.5633 Acc: 0.9570 | Val Loss: 1.7366 Acc: 0.9538 Prec: 0.6855 Rec: 0.3132 F1: 0.4300 | BestT: 0.36
2025-12-12 10:52:33 | INFO | Epoch 10/200 (405.5s) | Train Loss: 1.5405 Acc: 0.9581 | Val Loss: 1.7043 Acc: 0.9469 Prec: 0.5289 Rec: 0.4205 F1: 0.4685 | BestT: 0.14
2025-12-12 10:52:33 | INFO | ✓ Saved best model (Val F1: 0.4685, T=0.14)
2025-12-12 11:00:47 | INFO | Epoch 11/200 (490.5s) | Train Loss: 1.5607 Acc: 0.9496 | Val Loss: 1.7953 Acc: 0.9481 Prec: 0.5655 Rec: 0.2893 F1: 0.3828 | BestT: 0.05
2025-12-12 11:13:07 | INFO | Epoch 12/200 (735.8s) | Train Loss: 1.4322 Acc: 0.9517 | Val Loss: 1.4791 Acc: 0.9391 Prec: 0.4522 Rec: 0.4444 F1: 0.4483 | BestT: 0.10
2025-12-12 11:26:12 | INFO | Epoch 13/200 (781.3s) | Train Loss: 1.3244 Acc: 0.9536 | Val Loss: 1.3568 Acc: 0.9355 Prec: 0.4295 Rec: 0.4847 F1: 0.4554 | BestT: 0.20
2025-12-12 11:33:36 | INFO | Epoch 14/200 (439.6s) | Train Loss: 1.2368 Acc: 0.9557 | Val Loss: 1.2599 Acc: 0.9533 Prec: 0.6490 Rec: 0.3525 F1: 0.4569 | BestT: 0.76
2025-12-12 11:43:23 | INFO | Epoch 15/200 (582.6s) | Train Loss: 1.1657 Acc: 0.9597 | Val Loss: 1.3548 Acc: 0.9526 Prec: 0.6161 Rec: 0.3966 F1: 0.4825 | BestT: 0.20
2025-12-12 11:43:23 | INFO | ✓ Saved best model (Val F1: 0.4825, T=0.20)
2025-12-12 11:53:32 | INFO | Epoch 16/200 (605.4s) | Train Loss: 1.0999 Acc: 0.9610 | Val Loss: 1.1135 Acc: 0.9515 Prec: 0.5925 Rec: 0.4109 F1: 0.4853 | BestT: 0.91
2025-12-12 11:53:32 | INFO | ✓ Saved best model (Val F1: 0.4853, T=0.91)
2025-12-12 12:03:27 | INFO | Epoch 17/200 (591.1s) | Train Loss: 1.0197 Acc: 0.9649 | Val Loss: 1.2537 Acc: 0.9522 Prec: 0.6066 Rec: 0.4033 F1: 0.4845 | BestT: 0.53
2025-12-12 12:13:49 | INFO | Epoch 18/200 (618.9s) | Train Loss: 0.9608 Acc: 0.9672 | Val Loss: 1.2304 Acc: 0.9441 Prec: 0.4981 Rec: 0.5134 F1: 0.5057 | BestT: 0.12
2025-12-12 12:13:49 | INFO | ✓ Saved best model (Val F1: 0.5057, T=0.12)
2025-12-12 12:23:56 | INFO | Epoch 19/200 (602.8s) | Train Loss: 0.9152 Acc: 0.9696 | Val Loss: 1.3931 Acc: 0.9517 Prec: 0.5977 Rec: 0.4071 F1: 0.4843 | BestT: 0.13
2025-12-12 12:34:06 | INFO | Epoch 20/200 (607.1s) | Train Loss: 0.8842 Acc: 0.9732 | Val Loss: 1.0537 Acc: 0.9505 Prec: 0.5718 Rec: 0.4425 F1: 0.4989 | BestT: 0.90
2025-12-12 12:44:25 | INFO | Epoch 21/200 (614.8s) | Train Loss: 0.8180 Acc: 0.9752 | Val Loss: 1.2483 Acc: 0.9531 Prec: 0.6122 Rec: 0.4310 F1: 0.5059 | BestT: 0.51
2025-12-12 12:44:25 | INFO | ✓ Saved best model (Val F1: 0.5059, T=0.51)
2025-12-12 12:54:22 | INFO | Epoch 22/200 (592.7s) | Train Loss: 0.7746 Acc: 0.9780 | Val Loss: 1.0832 Acc: 0.9458 Prec: 0.5132 Rec: 0.5220 F1: 0.5176 | BestT: 0.57
2025-12-12 12:54:22 | INFO | ✓ Saved best model (Val F1: 0.5176, T=0.57)
2025-12-12 13:04:30 | INFO | Epoch 23/200 (604.5s) | Train Loss: 0.7366 Acc: 0.9803 | Val Loss: 1.2916 Acc: 0.9463 Prec: 0.5180 Rec: 0.5239 F1: 0.5210 | BestT: 0.07
2025-12-12 13:04:30 | INFO | ✓ Saved best model (Val F1: 0.5210, T=0.07)
2025-12-12 13:14:24 | INFO | Epoch 24/200 (590.7s) | Train Loss: 0.7142 Acc: 0.9826 | Val Loss: 1.3007 Acc: 0.9487 Prec: 0.5431 Rec: 0.4952 F1: 0.5180 | BestT: 0.08
2025-12-12 13:24:18 | INFO | Epoch 25/200 (589.8s) | Train Loss: 0.6750 Acc: 0.9843 | Val Loss: 1.2230 Acc: 0.9442 Prec: 0.4987 Rec: 0.5556 F1: 0.5256 | BestT: 0.10
2025-12-12 13:24:18 | INFO | ✓ Saved best model (Val F1: 0.5256, T=0.10)
2025-12-12 13:34:30 | INFO | Epoch 26/200 (607.8s) | Train Loss: 0.6456 Acc: 0.9864 | Val Loss: 1.1721 Acc: 0.9457 Prec: 0.5124 Rec: 0.5163 F1: 0.5143 | BestT: 0.24
2025-12-12 13:44:32 | INFO | Epoch 27/200 (598.9s) | Train Loss: 0.6323 Acc: 0.9875 | Val Loss: 1.3045 Acc: 0.9479 Prec: 0.5341 Rec: 0.5019 F1: 0.5175 | BestT: 0.09
2025-12-12 13:54:13 | INFO | Epoch 28/200 (577.2s) | Train Loss: 0.6175 Acc: 0.9884 | Val Loss: 1.3009 Acc: 0.9459 Prec: 0.5137 Rec: 0.5211 F1: 0.5174 | BestT: 0.06
2025-12-12 14:04:31 | INFO | Epoch 29/200 (614.3s) | Train Loss: 0.6152 Acc: 0.9890 | Val Loss: 1.2607 Acc: 0.9466 Prec: 0.5204 Rec: 0.5125 F1: 0.5164 | BestT: 0.11
2025-12-12 14:14:06 | INFO | Epoch 30/200 (572.0s) | Train Loss: 0.6030 Acc: 0.9893 | Val Loss: 1.3167 Acc: 0.9452 Prec: 0.5075 Rec: 0.5201 F1: 0.5137 | BestT: 0.05
2025-12-12 14:23:58 | INFO | Epoch 31/200 (588.0s) | Train Loss: 0.8101 Acc: 0.9703 | Val Loss: 1.2289 Acc: 0.9365 Prec: 0.4420 Rec: 0.5364 F1: 0.4846 | BestT: 0.06
2025-12-12 14:33:34 | INFO | Epoch 32/200 (572.5s) | Train Loss: 0.7662 Acc: 0.9721 | Val Loss: 1.1317 Acc: 0.9447 Prec: 0.5035 Rec: 0.4770 F1: 0.4899 | BestT: 0.40
2025-12-12 14:43:13 | INFO | Epoch 33/200 (575.4s) | Train Loss: 0.7436 Acc: 0.9738 | Val Loss: 1.6837 Acc: 0.9533 Prec: 0.6765 Rec: 0.3084 F1: 0.4237 | BestT: 0.05
2025-12-12 14:53:13 | INFO | Epoch 34/200 (595.8s) | Train Loss: 0.7145 Acc: 0.9749 | Val Loss: 1.3985 Acc: 0.9502 Prec: 0.5775 Rec: 0.3927 F1: 0.4675 | BestT: 0.05
2025-12-12 15:03:32 | INFO | Epoch 35/200 (614.8s) | Train Loss: 0.6820 Acc: 0.9758 | Val Loss: 1.4601 Acc: 0.9506 Prec: 0.5793 Rec: 0.4128 F1: 0.4821 | BestT: 0.05
2025-12-12 15:13:20 | INFO | Epoch 36/200 (584.6s) | Train Loss: 0.6544 Acc: 0.9776 | Val Loss: 0.9674 Acc: 0.9325 Prec: 0.4224 Rec: 0.5785 F1: 0.4883 | BestT: 0.84
2025-12-12 15:23:26 | INFO | Epoch 37/200 (602.6s) | Train Loss: 0.6247 Acc: 0.9782 | Val Loss: 1.2862 Acc: 0.9418 Prec: 0.4766 Rec: 0.4579 F1: 0.4670 | BestT: 0.05
2025-12-12 15:32:58 | INFO | Epoch 38/200 (568.2s) | Train Loss: 0.5992 Acc: 0.9796 | Val Loss: 1.0468 Acc: 0.9492 Prec: 0.5511 Rec: 0.4703 F1: 0.5075 | BestT: 0.73
2025-12-12 15:42:53 | INFO | Epoch 39/200 (591.7s) | Train Loss: 0.5795 Acc: 0.9802 | Val Loss: 1.0012 Acc: 0.9396 Prec: 0.4620 Rec: 0.5182 F1: 0.4885 | BestT: 0.56
2025-12-12 15:52:53 | INFO | Epoch 40/200 (595.8s) | Train Loss: 0.5472 Acc: 0.9819 | Val Loss: 1.1915 Acc: 0.9370 Prec: 0.4463 Rec: 0.5489 F1: 0.4923 | BestT: 0.10
2025-12-12 16:02:26 | INFO | Epoch 41/200 (569.5s) | Train Loss: 0.5276 Acc: 0.9826 | Val Loss: 1.2952 Acc: 0.9501 Prec: 0.5647 Rec: 0.4511 F1: 0.5016 | BestT: 0.15
2025-12-12 16:12:37 | INFO | Epoch 42/200 (607.3s) | Train Loss: 0.5052 Acc: 0.9838 | Val Loss: 1.3680 Acc: 0.9383 Prec: 0.4499 Rec: 0.4856 F1: 0.4671 | BestT: 0.05
2025-12-12 16:22:15 | INFO | Epoch 43/200 (574.7s) | Train Loss: 0.4841 Acc: 0.9846 | Val Loss: 1.0891 Acc: 0.9415 Prec: 0.4762 Rec: 0.5077 F1: 0.4914 | BestT: 0.50
2025-12-12 16:32:14 | INFO | Epoch 44/200 (595.4s) | Train Loss: 0.4588 Acc: 0.9853 | Val Loss: 1.1785 Acc: 0.9338 Prec: 0.4284 Rec: 0.5670 F1: 0.4880 | BestT: 0.08
2025-12-12 16:42:03 | INFO | Epoch 45/200 (585.0s) | Train Loss: 0.4500 Acc: 0.9859 | Val Loss: 1.3847 Acc: 0.9429 Prec: 0.4869 Rec: 0.4808 F1: 0.4839 | BestT: 0.05
2025-12-12 16:51:58 | INFO | Epoch 46/200 (591.7s) | Train Loss: 0.4258 Acc: 0.9871 | Val Loss: 1.2097 Acc: 0.9393 Prec: 0.4611 Rec: 0.5335 F1: 0.4947 | BestT: 0.13
2025-12-12 17:01:58 | INFO | Epoch 47/200 (596.6s) | Train Loss: 0.4118 Acc: 0.9876 | Val Loss: 0.9661 Acc: 0.9347 Prec: 0.4349 Rec: 0.5795 F1: 0.4969 | BestT: 0.59
2025-12-12 17:11:51 | INFO | Epoch 48/200 (589.7s) | Train Loss: 0.3978 Acc: 0.9878 | Val Loss: 1.1785 Acc: 0.9444 Prec: 0.5010 Rec: 0.4904 F1: 0.4956 | BestT: 0.32
2025-12-12 17:22:06 | INFO | Epoch 49/200 (611.2s) | Train Loss: 0.3819 Acc: 0.9892 | Val Loss: 1.0608 Acc: 0.9403 Prec: 0.4690 Rec: 0.5431 F1: 0.5033 | BestT: 0.70
2025-12-12 17:31:34 | INFO | Epoch 50/200 (564.1s) | Train Loss: 0.3633 Acc: 0.9897 | Val Loss: 1.3928 Acc: 0.9432 Prec: 0.4896 Rec: 0.4741 F1: 0.4818 | BestT: 0.05
2025-12-12 17:31:34 | INFO | Early stopping at epoch 50
2025-12-12 17:31:37 | INFO | Training completed. Best Val F1: 0.5256 | Best T: 0.10
2025-12-12 17:31:57 | INFO | 
============================================================
2025-12-12 17:31:57 | INFO | TEST RESULTS (MLP Classifier)
2025-12-12 17:31:57 | INFO | ============================================================
2025-12-12 17:31:57 | INFO | Threshold:   0.10
2025-12-12 17:31:57 | INFO | Accuracy:    0.9450
2025-12-12 17:31:57 | INFO | Precision:   0.5061
2025-12-12 17:31:57 | INFO | Recall:      0.5569
2025-12-12 17:31:57 | INFO | F1-Score:    0.5303
2025-12-12 17:31:57 | INFO | AUC:         0.8948
2025-12-12 17:31:57 | INFO | TP:  582  FP:  568
2025-12-12 17:31:57 | INFO | FN:  463  TN: 17137
2025-12-12 17:31:57 | INFO | ============================================================

2025-12-12 17:32:00 | INFO | ===== Training & Evaluating Graph LogReg =====
2025-12-12 17:32:00 | INFO | Collecting features for LogReg training...
2025-12-12 17:34:52 | INFO | Before SMOTETomek: Neg=141641, Pos=8354
2025-12-12 18:41:40 | INFO | After SMOTETomek: Neg=141486, Pos=113157
2025-12-12 18:41:40 | INFO | LogReg feature dim: 2048, Train: 254643, Val: 18749
2025-12-12 18:41:40 | INFO | Training LogReg (C=1.0)...
2025-12-12 18:53:25 | INFO |   Val F1=0.4023 at T=0.54
2025-12-12 18:53:25 | INFO | ✓ Best LogReg: {'C': 1.0}, Val F1=0.4023, T=0.54
2025-12-12 18:53:29 | INFO | Collecting features for LogReg testing...
2025-12-12 18:53:49 | INFO | 
============================================================
2025-12-12 18:53:49 | INFO | TEST RESULTS (Graph + LogReg)
2025-12-12 18:53:49 | INFO | ============================================================
2025-12-12 18:53:49 | INFO | Params: {'C': 1.0}, Threshold: 0.54
2025-12-12 18:53:49 | INFO | Accuracy: 0.9147
2025-12-12 18:53:49 | INFO | Precision: 0.3260
2025-12-12 18:53:49 | INFO | Recall: 0.4976
2025-12-12 18:53:49 | INFO | F1-Score: 0.3939
2025-12-12 18:53:49 | INFO | AUC: 0.8438
2025-12-12 18:53:49 | INFO | TP:  520  FP: 1075
2025-12-12 18:53:49 | INFO | FN:  525  TN: 16630
2025-12-12 18:53:49 | INFO | ============================================================

2025-12-12 18:53:56 | INFO | 
Ablation: wo_contrastive
2025-12-12 18:53:56 | INFO | Running experiment: wo_contrastive
2025-12-12 18:53:56 | INFO |   node_mil=True, tair=True, curriculum=True, pruning=True, contrastive=False
2025-12-12 18:53:56 | INFO | Starting training (Reborn Model with UnixCoder global func_emb)...
2025-12-12 18:54:32 | INFO | 
======================================================================
2025-12-12 18:54:32 | INFO | AUTO-CONFIGURATION FOR IMBALANCE
2025-12-12 18:54:32 | INFO | ======================================================================
2025-12-12 18:54:32 | INFO | Total: 149995, Neg: 141641, Pos: 8354
2025-12-12 18:54:32 | INFO | Imbalance ratio (neg:pos) = 16.95:1
2025-12-12 18:54:32 | INFO | → Severe imbalance, Focal + CE + Dice.
2025-12-12 18:54:32 | INFO | → Sufficient positives, SMOTE strategy=0.8.
2025-12-12 18:54:32 | INFO | → Class weights: [1.0, 8.24]
2025-12-12 18:54:32 | INFO | ======================================================================

2025-12-12 19:03:12 | INFO | Epoch 1/200 (520.3s) | Train Loss: 9.6432 Acc: 0.9434 | Val Loss: 4.6494 Acc: 0.5611 Prec: 0.1020 Rec: 0.8812 F1: 0.1828 | BestT: 0.06
2025-12-12 19:03:12 | INFO | ✓ Saved best model (Val F1: 0.1828, T=0.06)
2025-12-12 19:12:03 | INFO | Epoch 2/200 (526.7s) | Train Loss: 4.0750 Acc: 0.9438 | Val Loss: 3.4072 Acc: 0.9380 Prec: 0.4007 Rec: 0.2280 F1: 0.2906 | BestT: 0.05
2025-12-12 19:12:03 | INFO | ✓ Saved best model (Val F1: 0.2906, T=0.05)
2025-12-12 19:20:46 | INFO | Epoch 3/200 (518.7s) | Train Loss: 2.7456 Acc: 0.9441 | Val Loss: 2.5730 Acc: 0.9252 Prec: 0.3493 Rec: 0.3985 F1: 0.3723 | BestT: 0.05
2025-12-12 19:20:46 | INFO | ✓ Saved best model (Val F1: 0.3723, T=0.05)
2025-12-12 19:29:35 | INFO | Epoch 4/200 (525.3s) | Train Loss: 2.2206 Acc: 0.9451 | Val Loss: 2.3101 Acc: 0.9421 Prec: 0.4697 Rec: 0.3113 F1: 0.3744 | BestT: 0.05
2025-12-12 19:29:35 | INFO | ✓ Saved best model (Val F1: 0.3744, T=0.05)
2025-12-12 19:38:19 | INFO | Epoch 5/200 (520.1s) | Train Loss: 1.9197 Acc: 0.9470 | Val Loss: 1.9211 Acc: 0.9357 Prec: 0.4186 Rec: 0.3966 F1: 0.4073 | BestT: 0.10
2025-12-12 19:38:19 | INFO | ✓ Saved best model (Val F1: 0.4073, T=0.10)
2025-12-12 19:47:12 | INFO | Epoch 6/200 (529.7s) | Train Loss: 1.7470 Acc: 0.9499 | Val Loss: 1.9803 Acc: 0.9505 Prec: 0.6229 Rec: 0.2816 F1: 0.3879 | BestT: 0.08
2025-12-12 19:55:55 | INFO | Epoch 7/200 (519.6s) | Train Loss: 1.6652 Acc: 0.9525 | Val Loss: 1.7313 Acc: 0.9517 Prec: 0.6271 Rec: 0.3285 F1: 0.4312 | BestT: 0.26
2025-12-12 19:55:56 | INFO | ✓ Saved best model (Val F1: 0.4312, T=0.26)
2025-12-12 20:04:45 | INFO | Epoch 8/200 (526.3s) | Train Loss: 1.5767 Acc: 0.9545 | Val Loss: 1.6892 Acc: 0.9529 Prec: 0.6607 Rec: 0.3170 F1: 0.4285 | BestT: 0.40
2025-12-12 20:13:51 | INFO | Epoch 9/200 (542.2s) | Train Loss: 1.5400 Acc: 0.9566 | Val Loss: 1.6719 Acc: 0.9490 Prec: 0.5590 Rec: 0.3946 F1: 0.4627 | BestT: 0.19
2025-12-12 20:13:51 | INFO | ✓ Saved best model (Val F1: 0.4627, T=0.19)
2025-12-12 20:22:45 | INFO | Epoch 10/200 (529.9s) | Train Loss: 1.4937 Acc: 0.9578 | Val Loss: 1.7133 Acc: 0.9503 Prec: 0.5807 Rec: 0.3860 F1: 0.4638 | BestT: 0.17
2025-12-12 20:22:45 | INFO | ✓ Saved best model (Val F1: 0.4638, T=0.17)
2025-12-12 20:31:45 | INFO | Epoch 11/200 (536.4s) | Train Loss: 1.5792 Acc: 0.9493 | Val Loss: 1.5570 Acc: 0.9519 Prec: 0.6592 Rec: 0.2816 F1: 0.3946 | BestT: 0.21
2025-12-12 20:40:26 | INFO | Epoch 12/200 (517.1s) | Train Loss: 1.4255 Acc: 0.9516 | Val Loss: 1.4719 Acc: 0.9460 Prec: 0.5208 Rec: 0.3831 F1: 0.4415 | BestT: 0.21
2025-12-12 20:49:15 | INFO | Epoch 13/200 (525.4s) | Train Loss: 1.3110 Acc: 0.9522 | Val Loss: 1.2821 Acc: 0.9516 Prec: 0.6276 Rec: 0.3228 F1: 0.4263 | BestT: 0.90
2025-12-12 20:58:22 | INFO | Epoch 14/200 (544.3s) | Train Loss: 1.2314 Acc: 0.9561 | Val Loss: 1.2756 Acc: 0.9465 Prec: 0.5231 Rec: 0.4330 F1: 0.4738 | BestT: 0.23
2025-12-12 20:58:23 | INFO | ✓ Saved best model (Val F1: 0.4738, T=0.23)
2025-12-12 21:07:27 | INFO | Epoch 15/200 (541.0s) | Train Loss: 1.1444 Acc: 0.9583 | Val Loss: 1.5752 Acc: 0.9524 Prec: 0.6370 Rec: 0.3362 F1: 0.4401 | BestT: 0.05
2025-12-12 21:16:13 | INFO | Epoch 16/200 (521.9s) | Train Loss: 1.0755 Acc: 0.9609 | Val Loss: 1.2773 Acc: 0.9495 Prec: 0.5616 Rec: 0.4282 F1: 0.4859 | BestT: 0.23
2025-12-12 21:16:13 | INFO | ✓ Saved best model (Val F1: 0.4859, T=0.23)
2025-12-12 21:25:07 | INFO | Epoch 17/200 (530.7s) | Train Loss: 1.0227 Acc: 0.9636 | Val Loss: 1.2652 Acc: 0.9538 Prec: 0.6286 Rec: 0.4167 F1: 0.5012 | BestT: 0.33
2025-12-12 21:25:07 | INFO | ✓ Saved best model (Val F1: 0.5012, T=0.33)
2025-12-12 21:32:03 | INFO | Epoch 18/200 (412.7s) | Train Loss: 0.9686 Acc: 0.9667 | Val Loss: 1.2655 Acc: 0.9510 Prec: 0.5797 Rec: 0.4387 F1: 0.4995 | BestT: 0.17
2025-12-12 21:37:36 | INFO | Epoch 19/200 (329.1s) | Train Loss: 0.8986 Acc: 0.9695 | Val Loss: 1.2261 Acc: 0.9494 Prec: 0.5534 Rec: 0.4713 F1: 0.5091 | BestT: 0.20
2025-12-12 21:37:36 | INFO | ✓ Saved best model (Val F1: 0.5091, T=0.20)
2025-12-12 21:43:08 | INFO | Epoch 20/200 (328.1s) | Train Loss: 0.8665 Acc: 0.9723 | Val Loss: 1.1935 Acc: 0.9399 Prec: 0.4665 Rec: 0.5527 F1: 0.5059 | BestT: 0.12
2025-12-12 21:49:08 | INFO | Epoch 21/200 (356.8s) | Train Loss: 0.8211 Acc: 0.9745 | Val Loss: 1.1998 Acc: 0.9472 Prec: 0.5271 Rec: 0.5038 F1: 0.5152 | BestT: 0.15
2025-12-12 21:49:08 | INFO | ✓ Saved best model (Val F1: 0.5152, T=0.15)
2025-12-12 21:54:47 | INFO | Epoch 22/200 (335.5s) | Train Loss: 0.7721 Acc: 0.9775 | Val Loss: 1.3050 Acc: 0.9539 Prec: 0.6234 Rec: 0.4330 F1: 0.5110 | BestT: 0.19
2025-12-12 22:00:30 | INFO | Epoch 23/200 (339.3s) | Train Loss: 0.7221 Acc: 0.9795 | Val Loss: 1.3631 Acc: 0.9507 Prec: 0.5675 Rec: 0.4789 F1: 0.5195 | BestT: 0.07
2025-12-12 22:00:30 | INFO | ✓ Saved best model (Val F1: 0.5195, T=0.07)
2025-12-12 22:06:02 | INFO | Epoch 24/200 (327.6s) | Train Loss: 0.6954 Acc: 0.9818 | Val Loss: 1.2583 Acc: 0.9451 Prec: 0.5066 Rec: 0.5182 F1: 0.5123 | BestT: 0.10
2025-12-12 22:11:35 | INFO | Epoch 25/200 (329.4s) | Train Loss: 0.6740 Acc: 0.9839 | Val Loss: 1.1847 Acc: 0.9500 Prec: 0.5620 Rec: 0.4646 F1: 0.5087 | BestT: 0.34
2025-12-12 22:17:14 | INFO | Epoch 26/200 (336.3s) | Train Loss: 0.6372 Acc: 0.9854 | Val Loss: 1.4559 Acc: 0.9535 Prec: 0.6153 Rec: 0.4397 F1: 0.5128 | BestT: 0.06
2025-12-12 22:23:16 | INFO | Epoch 27/200 (358.0s) | Train Loss: 0.6282 Acc: 0.9865 | Val Loss: 1.4151 Acc: 0.9513 Prec: 0.5771 Rec: 0.4693 F1: 0.5177 | BestT: 0.05
2025-12-12 22:28:48 | INFO | Epoch 28/200 (328.1s) | Train Loss: 0.6143 Acc: 0.9877 | Val Loss: 1.2899 Acc: 0.9500 Prec: 0.5591 Rec: 0.4847 F1: 0.5192 | BestT: 0.14
2025-12-12 22:34:46 | INFO | Epoch 29/200 (354.5s) | Train Loss: 0.6066 Acc: 0.9884 | Val Loss: 1.3385 Acc: 0.9486 Prec: 0.5417 Rec: 0.5038 F1: 0.5221 | BestT: 0.06
2025-12-12 22:34:46 | INFO | ✓ Saved best model (Val F1: 0.5221, T=0.06)
2025-12-12 22:40:35 | INFO | Epoch 30/200 (345.8s) | Train Loss: 0.6050 Acc: 0.9887 | Val Loss: 1.3086 Acc: 0.9492 Prec: 0.5485 Rec: 0.4933 F1: 0.5194 | BestT: 0.10
2025-12-12 22:46:10 | INFO | Epoch 31/200 (332.1s) | Train Loss: 0.8009 Acc: 0.9692 | Val Loss: 1.1560 Acc: 0.9514 Prec: 0.5878 Rec: 0.4234 F1: 0.4922 | BestT: 0.40
2025-12-12 22:51:54 | INFO | Epoch 32/200 (340.6s) | Train Loss: 0.7568 Acc: 0.9719 | Val Loss: 1.7761 Acc: 0.9537 Prec: 0.7182 Rec: 0.2759 F1: 0.3986 | BestT: 0.10
2025-12-12 22:57:28 | INFO | Epoch 33/200 (330.7s) | Train Loss: 0.7348 Acc: 0.9726 | Val Loss: 1.6775 Acc: 0.9555 Prec: 0.7126 Rec: 0.3372 F1: 0.4577 | BestT: 0.06
2025-12-12 23:03:07 | INFO | Epoch 34/200 (335.6s) | Train Loss: 0.6942 Acc: 0.9743 | Val Loss: 1.3929 Acc: 0.9524 Prec: 0.6132 Rec: 0.3918 F1: 0.4781 | BestT: 0.09
2025-12-12 23:08:56 | INFO | Epoch 35/200 (344.5s) | Train Loss: 0.6834 Acc: 0.9759 | Val Loss: 1.5813 Acc: 0.9524 Prec: 0.6203 Rec: 0.3755 F1: 0.4678 | BestT: 0.05
2025-12-12 23:14:39 | INFO | Epoch 36/200 (340.4s) | Train Loss: 0.6515 Acc: 0.9766 | Val Loss: 1.6569 Acc: 0.9551 Prec: 0.6986 Rec: 0.3420 F1: 0.4592 | BestT: 0.10
2025-12-12 23:20:22 | INFO | Epoch 37/200 (339.8s) | Train Loss: 0.6244 Acc: 0.9777 | Val Loss: 1.4833 Acc: 0.9521 Prec: 0.5989 Rec: 0.4234 F1: 0.4961 | BestT: 0.05
2025-12-12 23:26:11 | INFO | Epoch 38/200 (345.4s) | Train Loss: 0.5996 Acc: 0.9793 | Val Loss: 1.5036 Acc: 0.9547 Prec: 0.6940 Rec: 0.3324 F1: 0.4495 | BestT: 0.31
2025-12-12 23:32:05 | INFO | Epoch 39/200 (350.8s) | Train Loss: 0.5701 Acc: 0.9805 | Val Loss: 1.1053 Acc: 0.9520 Prec: 0.6026 Rec: 0.4052 F1: 0.4845 | BestT: 0.92
2025-12-12 23:37:53 | INFO | Epoch 40/200 (344.4s) | Train Loss: 0.5439 Acc: 0.9812 | Val Loss: 1.8265 Acc: 0.9540 Prec: 0.7230 Rec: 0.2826 F1: 0.4063 | BestT: 0.10
2025-12-12 23:43:26 | INFO | Epoch 41/200 (329.8s) | Train Loss: 0.5247 Acc: 0.9828 | Val Loss: 1.4656 Acc: 0.9492 Prec: 0.5605 Rec: 0.4080 F1: 0.4723 | BestT: 0.08
2025-12-12 23:49:18 | INFO | Epoch 42/200 (348.3s) | Train Loss: 0.5037 Acc: 0.9837 | Val Loss: 1.7511 Acc: 0.9498 Prec: 0.5857 Rec: 0.3372 F1: 0.4280 | BestT: 0.05
2025-12-12 23:55:06 | INFO | Epoch 43/200 (344.5s) | Train Loss: 0.4773 Acc: 0.9846 | Val Loss: 1.5722 Acc: 0.9497 Prec: 0.5662 Rec: 0.4138 F1: 0.4781 | BestT: 0.05
2025-12-13 00:00:41 | INFO | Epoch 44/200 (331.5s) | Train Loss: 0.4618 Acc: 0.9853 | Val Loss: 1.9796 Acc: 0.9551 Prec: 0.7428 Rec: 0.2960 F1: 0.4233 | BestT: 0.20
2025-12-13 00:06:38 | INFO | Epoch 45/200 (354.3s) | Train Loss: 0.4453 Acc: 0.9857 | Val Loss: 1.8603 Acc: 0.9502 Prec: 0.6049 Rec: 0.3065 F1: 0.4069 | BestT: 0.05
2025-12-13 00:12:17 | INFO | Epoch 46/200 (335.5s) | Train Loss: 0.4303 Acc: 0.9864 | Val Loss: 2.1164 Acc: 0.9529 Prec: 0.6732 Rec: 0.2979 F1: 0.4130 | BestT: 0.05
2025-12-13 00:18:18 | INFO | Epoch 47/200 (357.4s) | Train Loss: 0.4112 Acc: 0.9875 | Val Loss: 1.5736 Acc: 0.9463 Prec: 0.5214 Rec: 0.4310 F1: 0.4719 | BestT: 0.05
2025-12-13 00:24:12 | INFO | Epoch 48/200 (350.8s) | Train Loss: 0.3947 Acc: 0.9881 | Val Loss: 1.6457 Acc: 0.9520 Prec: 0.6084 Rec: 0.3870 F1: 0.4731 | BestT: 0.11
2025-12-13 00:30:05 | INFO | Epoch 49/200 (348.9s) | Train Loss: 0.3776 Acc: 0.9885 | Val Loss: 1.6969 Acc: 0.9498 Prec: 0.5710 Rec: 0.3966 F1: 0.4681 | BestT: 0.05
2025-12-13 00:35:31 | INFO | Epoch 50/200 (322.2s) | Train Loss: 0.3614 Acc: 0.9895 | Val Loss: 1.5885 Acc: 0.9462 Prec: 0.5196 Rec: 0.4454 F1: 0.4796 | BestT: 0.05
2025-12-13 00:41:07 | INFO | Epoch 51/200 (332.3s) | Train Loss: 0.3472 Acc: 0.9897 | Val Loss: 1.8111 Acc: 0.9512 Prec: 0.5925 Rec: 0.3956 F1: 0.4744 | BestT: 0.05
2025-12-13 00:46:55 | INFO | Epoch 52/200 (344.3s) | Train Loss: 0.3414 Acc: 0.9902 | Val Loss: 1.5482 Acc: 0.9501 Prec: 0.5696 Rec: 0.4272 F1: 0.4882 | BestT: 0.40
2025-12-13 00:52:56 | INFO | Epoch 53/200 (357.8s) | Train Loss: 0.3284 Acc: 0.9911 | Val Loss: 1.2718 Acc: 0.9395 Prec: 0.4622 Rec: 0.5335 F1: 0.4953 | BestT: 0.48
2025-12-13 00:58:46 | INFO | Epoch 54/200 (346.5s) | Train Loss: 0.3129 Acc: 0.9922 | Val Loss: 1.7937 Acc: 0.9527 Prec: 0.6170 Rec: 0.3966 F1: 0.4828 | BestT: 0.16
2025-12-13 00:58:46 | INFO | Early stopping at epoch 54
2025-12-13 00:58:49 | INFO | Training completed. Best Val F1: 0.5221 | Best T: 0.06
2025-12-13 00:59:01 | INFO | 
============================================================
2025-12-13 00:59:01 | INFO | TEST RESULTS (MLP Classifier)
2025-12-13 00:59:01 | INFO | ============================================================
2025-12-13 00:59:01 | INFO | Threshold:   0.06
2025-12-13 00:59:01 | INFO | Accuracy:    0.9482
2025-12-13 00:59:01 | INFO | Precision:   0.5371
2025-12-13 00:59:01 | INFO | Recall:      0.5062
2025-12-13 00:59:01 | INFO | F1-Score:    0.5212
2025-12-13 00:59:01 | INFO | AUC:         0.8888
2025-12-13 00:59:01 | INFO | TP:  529  FP:  456
2025-12-13 00:59:01 | INFO | FN:  516  TN: 17249
2025-12-13 00:59:01 | INFO | ============================================================

2025-12-13 00:59:04 | INFO | ===== Training & Evaluating Graph LogReg =====
2025-12-13 00:59:04 | INFO | Collecting features for LogReg training...
2025-12-13 01:00:49 | INFO | Before SMOTETomek: Neg=141641, Pos=8354
2025-12-13 02:08:30 | INFO | After SMOTETomek: Neg=141471, Pos=113142
2025-12-13 02:08:30 | INFO | LogReg feature dim: 2048, Train: 254613, Val: 18749
2025-12-13 02:08:30 | INFO | Training LogReg (C=1.0)...
2025-12-13 02:20:30 | INFO |   Val F1=0.3966 at T=0.60
2025-12-13 02:20:30 | INFO | ✓ Best LogReg: {'C': 1.0}, Val F1=0.3966, T=0.60
2025-12-13 02:20:34 | INFO | Collecting features for LogReg testing...
2025-12-13 02:20:54 | INFO | 
============================================================
2025-12-13 02:20:54 | INFO | TEST RESULTS (Graph + LogReg)
2025-12-13 02:20:54 | INFO | ============================================================
2025-12-13 02:20:54 | INFO | Params: {'C': 1.0}, Threshold: 0.60
2025-12-13 02:20:54 | INFO | Accuracy: 0.9218
2025-12-13 02:20:54 | INFO | Precision: 0.3523
2025-12-13 02:20:54 | INFO | Recall: 0.4804
2025-12-13 02:20:54 | INFO | F1-Score: 0.4065
2025-12-13 02:20:54 | INFO | AUC: 0.8420
2025-12-13 02:20:54 | INFO | TP:  502  FP:  923
2025-12-13 02:20:54 | INFO | FN:  543  TN: 16782
2025-12-13 02:20:54 | INFO | ============================================================

2025-12-13 02:21:00 | INFO | 
Ablation: baseline
2025-12-13 02:21:00 | INFO | Running experiment: baseline
2025-12-13 02:21:00 | INFO |   node_mil=False, tair=False, curriculum=False, pruning=False, contrastive=False
2025-12-13 02:21:00 | INFO | Starting training (Reborn Model with UnixCoder global func_emb)...
2025-12-13 02:21:35 | INFO | 
======================================================================
2025-12-13 02:21:35 | INFO | AUTO-CONFIGURATION FOR IMBALANCE
2025-12-13 02:21:35 | INFO | ======================================================================
2025-12-13 02:21:35 | INFO | Total: 149995, Neg: 141641, Pos: 8354
2025-12-13 02:21:35 | INFO | Imbalance ratio (neg:pos) = 16.95:1
2025-12-13 02:21:35 | INFO | → Severe imbalance, Focal + CE + Dice.
2025-12-13 02:21:35 | INFO | → Sufficient positives, SMOTE strategy=0.8.
2025-12-13 02:21:35 | INFO | → Class weights: [1.0, 8.24]
2025-12-13 02:21:35 | INFO | ======================================================================

2025-12-13 02:28:01 | INFO | Epoch 1/200 (386.2s) | Train Loss: 0.4624 Acc: 0.9342 | Val Loss: 0.4135 Acc: 0.7442 Prec: 0.1416 Rec: 0.7098 F1: 0.2361 | BestT: 0.05
2025-12-13 02:28:01 | INFO | ✓ Saved best model (Val F1: 0.2361, T=0.05)
2025-12-13 02:34:39 | INFO | Epoch 2/200 (394.5s) | Train Loss: 0.4017 Acc: 0.9348 | Val Loss: 0.3779 Acc: 0.7206 Prec: 0.1360 Rec: 0.7510 F1: 0.2304 | BestT: 0.05
2025-12-13 02:41:25 | INFO | Epoch 3/200 (402.4s) | Train Loss: 0.3939 Acc: 0.9400 | Val Loss: 0.4201 Acc: 0.9114 Prec: 0.3118 Rec: 0.4895 F1: 0.3809 | BestT: 0.14
2025-12-13 02:41:25 | INFO | ✓ Saved best model (Val F1: 0.3809, T=0.14)
2025-12-13 02:47:39 | INFO | Epoch 4/200 (370.4s) | Train Loss: 0.3840 Acc: 0.9451 | Val Loss: 0.4844 Acc: 0.9165 Prec: 0.3303 Rec: 0.4856 F1: 0.3932 | BestT: 0.08
2025-12-13 02:47:39 | INFO | ✓ Saved best model (Val F1: 0.3932, T=0.08)
2025-12-13 02:54:08 | INFO | Epoch 5/200 (385.4s) | Train Loss: 0.3720 Acc: 0.9492 | Val Loss: 0.4617 Acc: 0.9140 Prec: 0.3325 Rec: 0.5412 F1: 0.4120 | BestT: 0.06
2025-12-13 02:54:08 | INFO | ✓ Saved best model (Val F1: 0.4120, T=0.06)
2025-12-13 03:00:42 | INFO | Epoch 6/200 (389.7s) | Train Loss: 0.3575 Acc: 0.9522 | Val Loss: 0.4969 Acc: 0.9449 Prec: 0.5075 Rec: 0.3582 F1: 0.4200 | BestT: 0.17
2025-12-13 03:00:42 | INFO | ✓ Saved best model (Val F1: 0.4200, T=0.17)
2025-12-13 03:07:13 | INFO | Epoch 7/200 (387.8s) | Train Loss: 0.3439 Acc: 0.9551 | Val Loss: 0.4217 Acc: 0.9447 Prec: 0.5047 Rec: 0.4080 F1: 0.4513 | BestT: 0.25
2025-12-13 03:07:13 | INFO | ✓ Saved best model (Val F1: 0.4513, T=0.25)
2025-12-13 03:13:41 | INFO | Epoch 8/200 (384.2s) | Train Loss: 0.3309 Acc: 0.9575 | Val Loss: 0.6279 Acc: 0.9518 Prec: 0.6478 Rec: 0.2960 F1: 0.4063 | BestT: 0.12
2025-12-13 03:20:18 | INFO | Epoch 9/200 (393.9s) | Train Loss: 0.3233 Acc: 0.9586 | Val Loss: 0.5088 Acc: 0.9431 Prec: 0.4882 Rec: 0.4349 F1: 0.4600 | BestT: 0.10
2025-12-13 03:20:19 | INFO | ✓ Saved best model (Val F1: 0.4600, T=0.10)
2025-12-13 03:26:33 | INFO | Epoch 10/200 (371.3s) | Train Loss: 0.3162 Acc: 0.9587 | Val Loss: 0.5541 Acc: 0.9434 Prec: 0.4906 Rec: 0.4262 F1: 0.4562 | BestT: 0.07
2025-12-13 03:33:03 | INFO | Epoch 11/200 (386.2s) | Train Loss: 0.3526 Acc: 0.9533 | Val Loss: 0.3710 Acc: 0.9511 Prec: 0.6074 Rec: 0.3439 F1: 0.4391 | BestT: 0.58
2025-12-13 03:39:22 | INFO | Epoch 12/200 (375.5s) | Train Loss: 0.3350 Acc: 0.9556 | Val Loss: 0.4064 Acc: 0.9474 Prec: 0.5333 Rec: 0.4377 F1: 0.4808 | BestT: 0.20
2025-12-13 03:39:22 | INFO | ✓ Saved best model (Val F1: 0.4808, T=0.20)
2025-12-13 03:45:53 | INFO | Epoch 13/200 (386.8s) | Train Loss: 0.3185 Acc: 0.9578 | Val Loss: 0.4970 Acc: 0.9461 Prec: 0.5191 Rec: 0.4416 F1: 0.4772 | BestT: 0.10
2025-12-13 03:52:04 | INFO | Epoch 14/200 (367.7s) | Train Loss: 0.3060 Acc: 0.9598 | Val Loss: 0.5820 Acc: 0.9520 Prec: 0.6115 Rec: 0.3784 F1: 0.4675 | BestT: 0.10
2025-12-13 03:58:12 | INFO | Epoch 15/200 (364.6s) | Train Loss: 0.2904 Acc: 0.9620 | Val Loss: 0.5149 Acc: 0.9528 Prec: 0.6392 Rec: 0.3496 F1: 0.4520 | BestT: 0.27
2025-12-13 04:04:24 | INFO | Epoch 16/200 (368.3s) | Train Loss: 0.2761 Acc: 0.9644 | Val Loss: 0.5117 Acc: 0.9483 Prec: 0.5415 Rec: 0.4626 F1: 0.4990 | BestT: 0.10
2025-12-13 04:04:24 | INFO | ✓ Saved best model (Val F1: 0.4990, T=0.10)
2025-12-13 04:10:32 | INFO | Epoch 17/200 (364.8s) | Train Loss: 0.2574 Acc: 0.9661 | Val Loss: 0.4746 Acc: 0.9457 Prec: 0.5118 Rec: 0.5172 F1: 0.5145 | BestT: 0.10
2025-12-13 04:10:32 | INFO | ✓ Saved best model (Val F1: 0.5145, T=0.10)
2025-12-13 04:16:43 | INFO | Epoch 18/200 (366.9s) | Train Loss: 0.2440 Acc: 0.9684 | Val Loss: 0.4294 Acc: 0.9503 Prec: 0.5629 Rec: 0.4799 F1: 0.5181 | BestT: 0.24
2025-12-13 04:16:43 | INFO | ✓ Saved best model (Val F1: 0.5181, T=0.24)
2025-12-13 04:23:00 | INFO | Epoch 19/200 (373.2s) | Train Loss: 0.2333 Acc: 0.9701 | Val Loss: 0.4436 Acc: 0.9484 Prec: 0.5413 Rec: 0.4770 F1: 0.5071 | BestT: 0.21
2025-12-13 04:29:15 | INFO | Epoch 20/200 (371.2s) | Train Loss: 0.2148 Acc: 0.9724 | Val Loss: 0.5557 Acc: 0.9497 Prec: 0.5578 Rec: 0.4665 F1: 0.5081 | BestT: 0.11
2025-12-13 04:35:30 | INFO | Epoch 21/200 (372.0s) | Train Loss: 0.2050 Acc: 0.9743 | Val Loss: 0.5339 Acc: 0.9493 Prec: 0.5474 Rec: 0.5201 F1: 0.5334 | BestT: 0.10
2025-12-13 04:35:30 | INFO | ✓ Saved best model (Val F1: 0.5334, T=0.10)
2025-12-13 04:41:44 | INFO | Epoch 22/200 (370.8s) | Train Loss: 0.1929 Acc: 0.9753 | Val Loss: 0.5924 Acc: 0.9561 Prec: 0.6871 Rec: 0.3870 F1: 0.4951 | BestT: 0.27
2025-12-13 04:47:52 | INFO | Epoch 23/200 (364.2s) | Train Loss: 0.1794 Acc: 0.9774 | Val Loss: 0.5903 Acc: 0.9493 Prec: 0.5461 Rec: 0.5335 F1: 0.5397 | BestT: 0.05
2025-12-13 04:47:52 | INFO | ✓ Saved best model (Val F1: 0.5397, T=0.05)
2025-12-13 04:53:59 | INFO | Epoch 24/200 (363.6s) | Train Loss: 0.1701 Acc: 0.9782 | Val Loss: 0.7193 Acc: 0.9542 Prec: 0.6308 Rec: 0.4272 F1: 0.5094 | BestT: 0.06
2025-12-13 05:00:17 | INFO | Epoch 25/200 (373.9s) | Train Loss: 0.1638 Acc: 0.9798 | Val Loss: 0.6719 Acc: 0.9549 Prec: 0.6487 Rec: 0.4157 F1: 0.5067 | BestT: 0.13
2025-12-13 05:06:26 | INFO | Epoch 26/200 (366.1s) | Train Loss: 0.1530 Acc: 0.9806 | Val Loss: 0.6181 Acc: 0.9541 Prec: 0.6153 Rec: 0.4703 F1: 0.5331 | BestT: 0.12
2025-12-13 05:13:03 | INFO | Epoch 27/200 (393.4s) | Train Loss: 0.1471 Acc: 0.9815 | Val Loss: 0.7293 Acc: 0.9552 Prec: 0.6569 Rec: 0.4090 F1: 0.5041 | BestT: 0.10
2025-12-13 05:19:17 | INFO | Epoch 28/200 (368.6s) | Train Loss: 0.1442 Acc: 0.9819 | Val Loss: 0.7126 Acc: 0.9555 Prec: 0.6535 Rec: 0.4282 F1: 0.5174 | BestT: 0.10
2025-12-13 05:25:35 | INFO | Epoch 29/200 (374.2s) | Train Loss: 0.1442 Acc: 0.9822 | Val Loss: 0.7165 Acc: 0.9566 Prec: 0.6860 Rec: 0.4080 F1: 0.5117 | BestT: 0.13
2025-12-13 05:32:02 | INFO | Epoch 30/200 (383.1s) | Train Loss: 0.1395 Acc: 0.9827 | Val Loss: 0.7142 Acc: 0.9555 Prec: 0.6577 Rec: 0.4195 F1: 0.5123 | BestT: 0.11
2025-12-13 05:38:40 | INFO | Epoch 31/200 (394.1s) | Train Loss: 0.2039 Acc: 0.9736 | Val Loss: 0.6457 Acc: 0.9534 Prec: 0.6257 Rec: 0.4052 F1: 0.4919 | BestT: 0.12
2025-12-13 05:44:56 | INFO | Epoch 32/200 (372.1s) | Train Loss: 0.1983 Acc: 0.9744 | Val Loss: 0.7615 Acc: 0.9550 Prec: 0.6530 Rec: 0.4109 F1: 0.5044 | BestT: 0.05
2025-12-13 05:51:17 | INFO | Epoch 33/200 (377.2s) | Train Loss: 0.1874 Acc: 0.9754 | Val Loss: 0.7306 Acc: 0.9517 Prec: 0.5921 Rec: 0.4282 F1: 0.4969 | BestT: 0.05
2025-12-13 05:57:29 | INFO | Epoch 34/200 (368.6s) | Train Loss: 0.1776 Acc: 0.9772 | Val Loss: 0.6869 Acc: 0.9556 Prec: 0.6621 Rec: 0.4148 F1: 0.5100 | BestT: 0.15
2025-12-13 06:03:32 | INFO | Epoch 35/200 (360.1s) | Train Loss: 0.1685 Acc: 0.9779 | Val Loss: 0.6360 Acc: 0.9540 Prec: 0.6201 Rec: 0.4502 F1: 0.5216 | BestT: 0.19
2025-12-13 06:09:40 | INFO | Epoch 36/200 (363.8s) | Train Loss: 0.1603 Acc: 0.9791 | Val Loss: 0.7001 Acc: 0.9538 Prec: 0.6196 Rec: 0.4416 F1: 0.5157 | BestT: 0.20
2025-12-13 06:15:57 | INFO | Epoch 37/200 (373.9s) | Train Loss: 0.1484 Acc: 0.9805 | Val Loss: 0.8096 Acc: 0.9513 Prec: 0.5808 Rec: 0.4511 F1: 0.5078 | BestT: 0.05
2025-12-13 06:22:18 | INFO | Epoch 38/200 (377.8s) | Train Loss: 0.1411 Acc: 0.9813 | Val Loss: 0.7196 Acc: 0.9531 Prec: 0.6020 Rec: 0.4665 F1: 0.5256 | BestT: 0.07
2025-12-13 06:28:30 | INFO | Epoch 39/200 (367.9s) | Train Loss: 0.1354 Acc: 0.9822 | Val Loss: 0.6655 Acc: 0.9556 Prec: 0.6443 Rec: 0.4511 F1: 0.5307 | BestT: 0.45
2025-12-13 06:34:42 | INFO | Epoch 40/200 (369.3s) | Train Loss: 0.1229 Acc: 0.9834 | Val Loss: 0.8874 Acc: 0.9532 Prec: 0.6146 Rec: 0.4262 F1: 0.5034 | BestT: 0.10
2025-12-13 06:41:31 | INFO | Epoch 41/200 (404.9s) | Train Loss: 0.1150 Acc: 0.9844 | Val Loss: 0.9072 Acc: 0.9562 Prec: 0.6633 Rec: 0.4339 F1: 0.5246 | BestT: 0.08
2025-12-13 06:48:14 | INFO | Epoch 42/200 (399.6s) | Train Loss: 0.1063 Acc: 0.9853 | Val Loss: 0.8645 Acc: 0.9522 Prec: 0.5907 Rec: 0.4617 F1: 0.5183 | BestT: 0.08
2025-12-13 06:54:30 | INFO | Epoch 43/200 (372.7s) | Train Loss: 0.1035 Acc: 0.9859 | Val Loss: 0.8884 Acc: 0.9551 Prec: 0.6327 Rec: 0.4636 F1: 0.5351 | BestT: 0.05
2025-12-13 07:00:38 | INFO | Epoch 44/200 (363.9s) | Train Loss: 0.0972 Acc: 0.9870 | Val Loss: 1.0670 Acc: 0.9568 Prec: 0.6912 Rec: 0.4052 F1: 0.5109 | BestT: 0.07
2025-12-13 07:06:44 | INFO | Epoch 45/200 (362.8s) | Train Loss: 0.0927 Acc: 0.9876 | Val Loss: 0.9334 Acc: 0.9560 Prec: 0.6439 Rec: 0.4693 F1: 0.5429 | BestT: 0.07
2025-12-13 07:06:44 | INFO | ✓ Saved best model (Val F1: 0.5429, T=0.07)
2025-12-13 07:12:53 | INFO | Epoch 46/200 (365.6s) | Train Loss: 0.0898 Acc: 0.9885 | Val Loss: 1.0903 Acc: 0.9548 Prec: 0.6468 Rec: 0.4157 F1: 0.5061 | BestT: 0.06
2025-12-13 07:19:42 | INFO | Epoch 47/200 (405.3s) | Train Loss: 0.0803 Acc: 0.9891 | Val Loss: 0.8968 Acc: 0.9546 Prec: 0.6174 Rec: 0.4837 F1: 0.5424 | BestT: 0.10
2025-12-13 07:25:43 | INFO | Epoch 48/200 (357.8s) | Train Loss: 0.0762 Acc: 0.9896 | Val Loss: 0.9924 Acc: 0.9540 Prec: 0.6126 Rec: 0.4741 F1: 0.5346 | BestT: 0.05
2025-12-13 07:31:57 | INFO | Epoch 49/200 (369.8s) | Train Loss: 0.0702 Acc: 0.9905 | Val Loss: 1.1845 Acc: 0.9574 Prec: 0.7128 Rec: 0.3946 F1: 0.5080 | BestT: 0.06
2025-12-13 07:38:32 | INFO | Epoch 50/200 (392.5s) | Train Loss: 0.0699 Acc: 0.9909 | Val Loss: 0.9117 Acc: 0.9521 Prec: 0.5844 Rec: 0.4808 F1: 0.5276 | BestT: 0.07
2025-12-13 07:45:06 | INFO | Epoch 51/200 (390.3s) | Train Loss: 0.0656 Acc: 0.9915 | Val Loss: 1.1418 Acc: 0.9576 Prec: 0.7072 Rec: 0.4071 F1: 0.5167 | BestT: 0.22
2025-12-13 07:51:25 | INFO | Epoch 52/200 (375.0s) | Train Loss: 0.0611 Acc: 0.9917 | Val Loss: 1.1966 Acc: 0.9546 Prec: 0.6371 Rec: 0.4272 F1: 0.5115 | BestT: 0.06
2025-12-13 07:57:49 | INFO | Epoch 53/200 (380.0s) | Train Loss: 0.0578 Acc: 0.9925 | Val Loss: 1.0872 Acc: 0.9583 Prec: 0.7369 Rec: 0.3918 F1: 0.5116 | BestT: 0.66
2025-12-13 08:04:08 | INFO | Epoch 54/200 (376.1s) | Train Loss: 0.0544 Acc: 0.9927 | Val Loss: 1.1043 Acc: 0.9576 Prec: 0.7251 Rec: 0.3841 F1: 0.5022 | BestT: 0.58
2025-12-13 08:10:34 | INFO | Epoch 55/200 (382.3s) | Train Loss: 0.0522 Acc: 0.9933 | Val Loss: 1.2771 Acc: 0.9564 Prec: 0.6816 Rec: 0.4080 F1: 0.5105 | BestT: 0.10
2025-12-13 08:16:36 | INFO | Epoch 56/200 (359.1s) | Train Loss: 0.0507 Acc: 0.9934 | Val Loss: 1.1407 Acc: 0.9564 Prec: 0.6662 Rec: 0.4339 F1: 0.5255 | BestT: 0.14
2025-12-13 08:23:06 | INFO | Epoch 57/200 (385.6s) | Train Loss: 0.0468 Acc: 0.9939 | Val Loss: 1.2888 Acc: 0.9556 Prec: 0.6532 Rec: 0.4330 F1: 0.5207 | BestT: 0.06
2025-12-13 08:29:20 | INFO | Epoch 58/200 (371.2s) | Train Loss: 0.0452 Acc: 0.9940 | Val Loss: 1.2392 Acc: 0.9571 Prec: 0.7020 Rec: 0.3994 F1: 0.5092 | BestT: 0.34
2025-12-13 08:35:44 | INFO | Epoch 59/200 (380.1s) | Train Loss: 0.0412 Acc: 0.9946 | Val Loss: 1.1330 Acc: 0.9560 Prec: 0.6486 Rec: 0.4579 F1: 0.5368 | BestT: 0.13
2025-12-13 08:42:03 | INFO | Epoch 60/200 (375.0s) | Train Loss: 0.0416 Acc: 0.9948 | Val Loss: 1.1322 Acc: 0.9566 Prec: 0.6716 Rec: 0.4310 F1: 0.5251 | BestT: 0.25
2025-12-13 08:48:05 | INFO | Epoch 61/200 (359.3s) | Train Loss: 0.0392 Acc: 0.9950 | Val Loss: 1.2262 Acc: 0.9561 Prec: 0.6545 Rec: 0.4483 F1: 0.5321 | BestT: 0.10
2025-12-13 08:54:34 | INFO | Epoch 62/200 (385.4s) | Train Loss: 0.0377 Acc: 0.9952 | Val Loss: 1.2234 Acc: 0.9566 Prec: 0.6842 Rec: 0.4109 F1: 0.5135 | BestT: 0.31
2025-12-13 09:00:53 | INFO | Epoch 63/200 (375.0s) | Train Loss: 0.0343 Acc: 0.9955 | Val Loss: 1.2631 Acc: 0.9577 Prec: 0.7303 Rec: 0.3812 F1: 0.5009 | BestT: 0.72
2025-12-13 09:06:57 | INFO | Epoch 64/200 (360.6s) | Train Loss: 0.0346 Acc: 0.9956 | Val Loss: 1.2425 Acc: 0.9546 Prec: 0.6237 Rec: 0.4636 F1: 0.5319 | BestT: 0.05
2025-12-13 09:13:01 | INFO | Epoch 65/200 (360.7s) | Train Loss: 0.0332 Acc: 0.9957 | Val Loss: 1.2477 Acc: 0.9551 Prec: 0.6355 Rec: 0.4559 F1: 0.5310 | BestT: 0.08
2025-12-13 09:19:21 | INFO | Epoch 66/200 (376.3s) | Train Loss: 0.0319 Acc: 0.9960 | Val Loss: 1.2883 Acc: 0.9555 Prec: 0.6430 Rec: 0.4502 F1: 0.5296 | BestT: 0.07
2025-12-13 09:25:55 | INFO | Epoch 67/200 (390.6s) | Train Loss: 0.0318 Acc: 0.9961 | Val Loss: 1.2787 Acc: 0.9553 Prec: 0.6358 Rec: 0.4598 F1: 0.5336 | BestT: 0.06
2025-12-13 09:32:37 | INFO | Epoch 68/200 (398.6s) | Train Loss: 0.0328 Acc: 0.9958 | Val Loss: 1.2741 Acc: 0.9549 Prec: 0.6292 Rec: 0.4617 F1: 0.5326 | BestT: 0.05
2025-12-13 09:39:09 | INFO | Epoch 69/200 (388.2s) | Train Loss: 0.0306 Acc: 0.9961 | Val Loss: 1.3057 Acc: 0.9556 Prec: 0.6455 Rec: 0.4483 F1: 0.5291 | BestT: 0.07
2025-12-13 09:45:30 | INFO | Epoch 70/200 (377.4s) | Train Loss: 0.0294 Acc: 0.9962 | Val Loss: 1.3021 Acc: 0.9559 Prec: 0.6553 Rec: 0.4406 F1: 0.5269 | BestT: 0.11
2025-12-13 09:45:30 | INFO | Early stopping at epoch 70
2025-12-13 09:45:34 | INFO | Training completed. Best Val F1: 0.5429 | Best T: 0.07
2025-12-13 09:45:50 | INFO | 
============================================================
2025-12-13 09:45:50 | INFO | TEST RESULTS (MLP Classifier)
2025-12-13 09:45:50 | INFO | ============================================================
2025-12-13 09:45:50 | INFO | Threshold:   0.07
2025-12-13 09:45:50 | INFO | Accuracy:    0.9538
2025-12-13 09:45:50 | INFO | Precision:   0.6138
2025-12-13 09:45:50 | INFO | Recall:      0.4593
2025-12-13 09:45:50 | INFO | F1-Score:    0.5255
2025-12-13 09:45:50 | INFO | AUC:         0.8905
2025-12-13 09:45:50 | INFO | TP:  480  FP:  302
2025-12-13 09:45:50 | INFO | FN:  565  TN: 17403
2025-12-13 09:45:50 | INFO | ============================================================

2025-12-13 09:45:54 | INFO | ===== Training & Evaluating Graph LogReg =====
2025-12-13 09:45:54 | INFO | Collecting features for LogReg training...
2025-12-13 09:48:36 | INFO | Before SMOTETomek: Neg=141641, Pos=8354
2025-12-13 10:54:12 | INFO | After SMOTETomek: Neg=141479, Pos=113150
2025-12-13 10:54:12 | INFO | LogReg feature dim: 2048, Train: 254629, Val: 18749
2025-12-13 10:54:12 | INFO | Training LogReg (C=1.0)...
2025-12-13 11:06:11 | INFO |   Val F1=0.3659 at T=0.40
2025-12-13 11:06:11 | INFO | ✓ Best LogReg: {'C': 1.0}, Val F1=0.3659, T=0.40
2025-12-13 11:06:15 | INFO | Collecting features for LogReg testing...
2025-12-13 11:06:34 | INFO | 
============================================================
2025-12-13 11:06:34 | INFO | TEST RESULTS (Graph + LogReg)
2025-12-13 11:06:34 | INFO | ============================================================
2025-12-13 11:06:34 | INFO | Params: {'C': 1.0}, Threshold: 0.40
2025-12-13 11:06:34 | INFO | Accuracy: 0.8931
2025-12-13 11:06:34 | INFO | Precision: 0.2770
2025-12-13 11:06:34 | INFO | Recall: 0.5703
2025-12-13 11:06:34 | INFO | F1-Score: 0.3728
2025-12-13 11:06:34 | INFO | AUC: 0.8440
2025-12-13 11:06:34 | INFO | TP:  596  FP: 1556
2025-12-13 11:06:34 | INFO | FN:  449  TN: 16149
2025-12-13 11:06:34 | INFO | ============================================================

2025-12-13 11:06:41 | INFO | 
================================================================================
2025-12-13 11:06:41 | INFO | STEP 4: Generating Reports
2025-12-13 11:06:41 | INFO | ================================================================================

2025-12-13 11:06:41 | INFO | ✓ Results saved to: ./experiments_reborn/SVulD_unixcoder_reborn_20251209_225710/results/all_results.json
2025-12-13 11:06:41 | INFO | 
Comparison Table:
2025-12-13 11:06:41 | INFO | 
    Experiment Acc_MLP F1_MLP AUC_MLP Acc_LogReg F1_LogReg AUC_LogReg
    full_model  0.9494 0.5286  0.8889     0.8977    0.3761     0.8407
   wo_node_mil  0.9460 0.5246  0.8894     0.9223    0.3977     0.8380
       wo_tair  0.9536 0.5455  0.9063     0.8722    0.3435     0.8402
 wo_curriculum  0.9450 0.5303  0.8948     0.9147    0.3939     0.8438
wo_contrastive  0.9482 0.5212  0.8888     0.9218    0.4065     0.8420
      baseline  0.9538 0.5255  0.8905     0.8931    0.3728     0.8440
2025-12-13 11:06:41 | INFO | ✓ Table saved to: ./experiments_reborn/SVulD_unixcoder_reborn_20251209_225710/results/comparison_table.csv
2025-12-13 11:06:43 | INFO | ✓ All plots saved to: ./experiments_reborn/SVulD_unixcoder_reborn_20251209_225710/plots
2025-12-13 11:06:43 | INFO | 
================================================================================
2025-12-13 11:06:43 | INFO | ALL EXPERIMENTS COMPLETED!
2025-12-13 11:06:43 | INFO | ================================================================================

2025-12-13 11:06:49 | INFO | 
================================================================================
2025-12-13 11:06:49 | INFO | 🎉 SUCCESS! All experiments completed.
2025-12-13 11:06:49 | INFO | Results saved to: ./experiments_reborn/SVulD_unixcoder_reborn_20251209_225710
2025-12-13 11:06:49 | INFO | ================================================================================

